<?xml version="1.0" encoding="UTF-8"?>
<testsuite name="TestSuite" time="0.272" tests="79" errors="0" skipped="0" failures="18">
  <properties>
    <property name="java.runtime.name" value="Java(TM) SE Runtime Environment"/>
    <property name="sun.boot.library.path" value="C:\Program Files\Java\jdk1.8.0_73\jre\bin"/>
    <property name="java.vm.version" value="25.73-b02"/>
    <property name="user.country.format" value="UA"/>
    <property name="java.vm.vendor" value="Oracle Corporation"/>
    <property name="maven.multiModuleProjectDirectory" value="C:\Users\nazar.gandymov.SKYWINDTECH\Documents\auto_test"/>
    <property name="java.vendor.url" value="http://java.oracle.com/"/>
    <property name="path.separator" value=";"/>
    <property name="testng.suite.xml" value="testng.xml"/>
    <property name="guice.disable.misplaced.annotation.check" value="true"/>
    <property name="java.vm.name" value="Java HotSpot(TM) 64-Bit Server VM"/>
    <property name="file.encoding.pkg" value="sun.io"/>
    <property name="user.script" value=""/>
    <property name="user.country" value="US"/>
    <property name="sun.java.launcher" value="SUN_STANDARD"/>
    <property name="sun.os.patch.level" value=""/>
    <property name="java.vm.specification.name" value="Java Virtual Machine Specification"/>
    <property name="user.dir" value="C:\Users\nazar.gandymov.SKYWINDTECH\Documents\auto_test"/>
    <property name="java.runtime.version" value="1.8.0_73-b02"/>
    <property name="java.awt.graphicsenv" value="sun.awt.Win32GraphicsEnvironment"/>
    <property name="java.endorsed.dirs" value="C:\Program Files\Java\jdk1.8.0_73\jre\lib\endorsed"/>
    <property name="os.arch" value="amd64"/>
    <property name="java.io.tmpdir" value="C:\Users\NAZARG~1.SKY\AppData\Local\Temp\"/>
    <property name="line.separator" value="&#10;"/>
    <property name="java.vm.specification.vendor" value="Oracle Corporation"/>
    <property name="user.variant" value=""/>
    <property name="os.name" value="Windows 10"/>
    <property name="classworlds.conf" value="C:\Program Files\Java\apache-maven-3.3.3\bin\m2.conf"/>
    <property name="sun.jnu.encoding" value="Cp1251"/>
    <property name="java.library.path" value="C:\Program Files\Java\jdk1.8.0_73\bin;C:\WINDOWS\Sun\Java\bin;C:\WINDOWS\system32;C:\WINDOWS;C:\Program Files\Common Files\Microsoft Shared\Windows Live;C:\Program Files (x86)\Common Files\Microsoft Shared\Windows Live;C:\ProgramData\Oracle\Java\javapath;C:\Program Files\Common Files\Microsoft Shared\Microsoft Online Services;C:\Program Files (x86)\Common Files\Microsoft Shared\Microsoft Online Services;C:\Program Files (x86)\Intel\iCLS Client\;C:\Program Files\Intel\iCLS Client\;C:\WINDOWS\system32;C:\WINDOWS;C:\WINDOWS\System32\Wbem;C:\WINDOWS\System32\WindowsPowerShell\v1.0\;C:\Program Files\Intel\WiFi\bin\;C:\Program Files\Common Files\Intel\WirelessCommon\;C:\Program Files\Intel\Intel(R) Management Engine Components\DAL;C:\Program Files (x86)\Intel\Intel(R) Management Engine Components\DAL;C:\Program Files\Intel\Intel(R) Management Engine Components\IPT;C:\Program Files (x86)\Intel\Intel(R) Management Engine Components\IPT;C:\Program Files\Java\jdk1.8.0_73\bin\;C:\Program Files\Java\apache-maven-3.3.3\bin\;C:\Program Files (x86)\Windows Live\Shared;C:\Program Files\TortoiseSVN\bin;C:\Program Files (x86)\NVIDIA Corporation\PhysX\Common;C:\Users\nazar.gandymov.SKYWINDTECH\AppData\Local\Android\android-sdk\platform-tools;C:\Program Files\nodejs\;C:\Program Files (x86)\Skype\Phone\;C:\Users\nazar.gandymov.SKYWINDTECH\AppData\Roaming\npm;C:\Users\nazar.gandymov.SKYWINDTECH\AppData\Local\Programs\Git\cmd;C:\Users\nazar.gandymov.SKYWINDTECH\AppData\Local\Programs\Fiddler;."/>
    <property name="java.specification.name" value="Java Platform API Specification"/>
    <property name="java.class.version" value="52.0"/>
    <property name="sun.management.compiler" value="HotSpot 64-Bit Tiered Compilers"/>
    <property name="os.version" value="10.0"/>
    <property name="user.home" value="C:\Users\nazar.gandymov.SKYWINDTECH"/>
    <property name="user.timezone" value="Europe/Helsinki"/>
    <property name="java.awt.printerjob" value="sun.awt.windows.WPrinterJob"/>
    <property name="java.specification.version" value="1.8"/>
    <property name="file.encoding" value="Cp1251"/>
    <property name="user.name" value="nazar.gandymov"/>
    <property name="java.class.path" value="C:\Program Files\Java\apache-maven-3.3.3\boot\plexus-classworlds-2.5.2.jar"/>
    <property name="java.vm.specification.version" value="1.8"/>
    <property name="sun.arch.data.model" value="64"/>
    <property name="java.home" value="C:\Program Files\Java\jdk1.8.0_73\jre"/>
    <property name="sun.java.command" value="org.codehaus.plexus.classworlds.launcher.Launcher clean install -U -DgameId=sw_gk -Dtestng.suite.xml=testng.xml"/>
    <property name="java.specification.vendor" value="Oracle Corporation"/>
    <property name="user.language" value="en"/>
    <property name="user.language.format" value="uk"/>
    <property name="awt.toolkit" value="sun.awt.windows.WToolkit"/>
    <property name="java.vm.info" value="mixed mode"/>
    <property name="gameId" value="sw_gk"/>
    <property name="java.version" value="1.8.0_73"/>
    <property name="java.ext.dirs" value="C:\Program Files\Java\jdk1.8.0_73\jre\lib\ext;C:\WINDOWS\Sun\Java\lib\ext"/>
    <property name="sun.boot.class.path" value="C:\Program Files\Java\jdk1.8.0_73\jre\lib\resources.jar;C:\Program Files\Java\jdk1.8.0_73\jre\lib\rt.jar;C:\Program Files\Java\jdk1.8.0_73\jre\lib\sunrsasign.jar;C:\Program Files\Java\jdk1.8.0_73\jre\lib\jsse.jar;C:\Program Files\Java\jdk1.8.0_73\jre\lib\jce.jar;C:\Program Files\Java\jdk1.8.0_73\jre\lib\charsets.jar;C:\Program Files\Java\jdk1.8.0_73\jre\lib\jfr.jar;C:\Program Files\Java\jdk1.8.0_73\jre\classes"/>
    <property name="sun.stderr.encoding" value="cp866"/>
    <property name="java.vendor" value="Oracle Corporation"/>
    <property name="maven.home" value="C:\Program Files\Java\apache-maven-3.3.3"/>
    <property name="file.separator" value="\"/>
    <property name="java.vendor.url.bug" value="http://bugreport.sun.com/bugreport/"/>
    <property name="sun.cpu.endian" value="little"/>
    <property name="sun.io.unicode.encoding" value="UnicodeLittle"/>
    <property name="sun.stdout.encoding" value="cp866"/>
    <property name="sun.desktop" value="windows"/>
    <property name="sun.cpu.isalist" value="amd64"/>
  </properties>
  <testcase name="testSpin" classname="com.skywind.qa.test.SpinTest" time="0.272">
    <failure message="1 expectation failed.&#10;JSON path result.totalWin doesn&apos;t match.&#10;Expected: &lt;5000&gt;&#10;  Actual: 0&#10;" type="java.lang.AssertionError"><![CDATA[java.lang.AssertionError: 1 expectation failed.
JSON path result.totalWin doesn't match.
Expected: <5000>
  Actual: 0

	at sun.reflect.NativeConstructorAccessorImpl.newInstance0(Native Method)
	at sun.reflect.NativeConstructorAccessorImpl.newInstance(NativeConstructorAccessorImpl.java:62)
	at sun.reflect.DelegatingConstructorAccessorImpl.newInstance(DelegatingConstructorAccessorImpl.java:45)
	at java.lang.reflect.Constructor.newInstance(Constructor.java:422)
	at org.codehaus.groovy.reflection.CachedConstructor.invoke(CachedConstructor.java:83)
	at org.codehaus.groovy.reflection.CachedConstructor.doConstructorInvoke(CachedConstructor.java:77)
	at org.codehaus.groovy.runtime.callsite.ConstructorSite$ConstructorSiteNoUnwrap.callConstructor(ConstructorSite.java:84)
	at org.codehaus.groovy.runtime.callsite.CallSiteArray.defaultCallConstructor(CallSiteArray.java:60)
	at org.codehaus.groovy.runtime.callsite.AbstractCallSite.callConstructor(AbstractCallSite.java:235)
	at org.codehaus.groovy.runtime.callsite.AbstractCallSite.callConstructor(AbstractCallSite.java:247)
	at io.restassured.internal.ResponseSpecificationImpl$HamcrestAssertionClosure.validate(ResponseSpecificationImpl.groovy:471)
	at io.restassured.internal.ResponseSpecificationImpl$HamcrestAssertionClosure$validate$1.call(Unknown Source)
	at io.restassured.internal.ResponseSpecificationImpl.validateResponseIfRequired(ResponseSpecificationImpl.groovy:643)
	at sun.reflect.NativeMethodAccessorImpl.invoke0(Native Method)
	at sun.reflect.NativeMethodAccessorImpl.invoke(NativeMethodAccessorImpl.java:62)
	at sun.reflect.DelegatingMethodAccessorImpl.invoke(DelegatingMethodAccessorImpl.java:43)
	at java.lang.reflect.Method.invoke(Method.java:497)
	at org.codehaus.groovy.runtime.callsite.PogoMetaMethodSite$PogoCachedMethodSiteNoUnwrapNoCoerce.invoke(PogoMetaMethodSite.java:210)
	at org.codehaus.groovy.runtime.callsite.PogoMetaMethodSite.callCurrent(PogoMetaMethodSite.java:59)
	at org.codehaus.groovy.runtime.callsite.CallSiteArray.defaultCallCurrent(CallSiteArray.java:52)
	at org.codehaus.groovy.runtime.callsite.AbstractCallSite.callCurrent(AbstractCallSite.java:154)
	at org.codehaus.groovy.runtime.callsite.AbstractCallSite.callCurrent(AbstractCallSite.java:166)
	at io.restassured.internal.ResponseSpecificationImpl.content(ResponseSpecificationImpl.groovy:265)
	at io.restassured.specification.ResponseSpecification$content$1.callCurrent(Unknown Source)
	at org.codehaus.groovy.runtime.callsite.CallSiteArray.defaultCallCurrent(CallSiteArray.java:52)
	at org.codehaus.groovy.runtime.callsite.AbstractCallSite.callCurrent(AbstractCallSite.java:154)
	at org.codehaus.groovy.runtime.callsite.AbstractCallSite.callCurrent(AbstractCallSite.java:190)
	at io.restassured.internal.ResponseSpecificationImpl.body(ResponseSpecificationImpl.groovy:248)
	at io.restassured.internal.ValidatableResponseOptionsImpl.body(ValidatableResponseOptionsImpl.java:268)
	at com.skywind.qa.test.SpinTest.testSpin(SpinTest.java:82)
]]></failure>
    <system-out><![CDATA[Configuring TestNG with: TestNG652Configurator
Request method:	POST
Request URI:	http://api.cd2.d.skywind-tech.com:4001/casino/game2
Proxy:			<none>
Request params:	<none>
Query params:	<none>
Form params:	<none>
Path params:	<none>
Headers:		Accept=*/*
				Content-Type=application/json; charset=UTF-8
Cookies:		<none>
Multiparts:		<none>
Body:
{
    "deviceId": "web",
    "gameId": "sw_gk",
    "request": "init",
    "startGameToken": {
        "brandId": 1,
        "currency": "USD"
    }
}
Request method:	POST
Request URI:	http://api.cd2.d.skywind-tech.com:4001/casino/game2
Proxy:			<none>
Request params:	<none>
Query params:	<none>
Form params:	<none>
Path params:	<none>
Headers:		Accept=*/*
				Content-Type=application/json; charset=UTF-8
Cookies:		<none>
Multiparts:		<none>
Body:
{
    "deviceId": "web",
    "gameId": "sw_gk",
    "request": "init",
    "startGameToken": {
        "brandId": 1,
        "currency": "USD"
    }
}
Spin{description='Theme1x5', combinations='4,24,6,7,20', totalWin=5000}
eyJhbGciOiJIUzUxMiIsInR5cCI6IkpXVCJ9.eyJzZXNzaW9uSWQiOjY1ODk0OSwiaWQiOiJnYW1lczpjb250ZXh0OjE6dW5kZWZpbmVkOnN3X2drOndlYiIsImdhbWVNb2RlIjoiZnVuIiwiaWF0IjoxNTExMTk0NTIxLCJpc3MiOiJza3l3aW5kZ3JvdXAifQ.bVR9T2pD6mcnFRWT8WGcQPRQlUdeJWl3Z5kLEXn-TqQv4HL2k5uz0YOIcnBRx-dLRxx-vV6MMQDaRMKYyHyRNQ
Request method:	POST
Request URI:	http://api.cd2.d.skywind-tech.com:4001/casino/game2
Proxy:			<none>
Request params:	<none>
Query params:	<none>
Form params:	<none>
Path params:	<none>
Headers:		Accept=*/*
				Content-Type=application/json; charset=UTF-8
Cookies:		<none>
Multiparts:		<none>
Body:
{
    "bet": 1,
    "coin": 1,
    "gameSession": "eyJhbGciOiJIUzUxMiIsInR5cCI6IkpXVCJ9.eyJzZXNzaW9uSWQiOjY1ODk0OSwiaWQiOiJnYW1lczpjb250ZXh0OjE6dW5kZWZpbmVkOnN3X2drOndlYiIsImdhbWVNb2RlIjoiZnVuIiwiaWF0IjoxNTExMTk0NTIxLCJpc3MiOiJza3l3aW5kZ3JvdXAifQ.bVR9T2pD6mcnFRWT8WGcQPRQlUdeJWl3Z5kLEXn-TqQv4HL2k5uz0YOIcnBRx-dLRxx-vV6MMQDaRMKYyHyRNQ",
    "lines": 1,
    "request": "spin",
    "positions": [
        4,
        24,
        6,
        7,
        20
    ],
    "requestId": 1
}
HTTP/1.1 200 OK
X-Powered-By: Express
Vary: X-HTTP-Method-Override, Accept-Encoding
Access-Control-Allow-Credentials: true
Access-Control-Allow-Origin: *
Access-Control-Expose-Headers: x-paging-total,x-paging-limit,x-paging-offset
Access-Control-Allow-Methods: GET, POST, OPTIONS
Access-Control-Allow-Headers: DNT,X-ACCESS-TOKEN,Keep-Alive,User-Agent,X-Requested-With,If-Modified-Since,Cache-Control,Content-Type,Check-Sum,Cookie
Access-Control-Max-Age: 1728000
Content-Type: application/json; charset=utf-8
Content-Length: 904
ETag: W/"388-NyZjfn+eH5loOmkQklpO1sSFk5c"
Date: Mon, 20 Nov 2017 16:15:22 GMT
Connection: keep-alive

{
    "gameSession": "eyJhbGciOiJIUzUxMiIsInR5cCI6IkpXVCJ9.eyJzZXNzaW9uSWQiOjY1ODk0OSwiaWQiOiJnYW1lczpjb250ZXh0OjE6dW5kZWZpbmVkOnN3X2drOndlYiIsImdhbWVNb2RlIjoiZnVuIiwiaWF0IjoxNTExMTk0NTIxLCJpc3MiOiJza3l3aW5kZ3JvdXAifQ.bVR9T2pD6mcnFRWT8WGcQPRQlUdeJWl3Z5kLEXn-TqQv4HL2k5uz0YOIcnBRx-dLRxx-vV6MMQDaRMKYyHyRNQ",
    "balance": {
        "currency": "USD",
        "amount": 19745,
        "real": {
            "amount": 19745
        },
        "bonus": {
            "amount": 0
        }
    },
    "result": {
        "request": "spin",
        "stake": {
            "lines": 1,
            "bet": 1,
            "coin": 1
        },
        "totalBet": 0,
        "totalWin": 0,
        "scene": "freeSpins",
        "multiplier": 5,
        "state": {
            "currentScene": "freeSpins",
            "multiplier": 5,
            "collapsingWin": 394,
            "collapsingCount": 0,
            "isReSpin": false,
            "freeSpinsWin": 394,
            "freeSpinsCount": 14,
            "initialFreeSpinWin": 0,
            "initialFreeSpinsCount": 15,
            "totalFreeSpinsCount": 15
        },
        "reels": {
            "set": "freeSpins",
            "positions": [
                17,
                14,
                6,
                16,
                0
            ],
            "view": [
                [
                    8,
                    4,
                    10,
                    10,
                    9
                ],
                [
                    9,
                    3,
                    0,
                    3,
                    7
                ],
                [
                    1,
                    10,
                    10,
                    8,
                    8
                ]
            ]
        },
        "rewards": [
            
        ],
        "events": [
            
        ],
        "roundEnded": false,
        "version": "0.2.2"
    }
}
]]></system-out>
  </testcase>
  <testcase name="testSpin" classname="com.skywind.qa.test.SpinTest" time="0.245">
    <failure message="1 expectation failed.&#10;JSON path result.totalWin doesn&apos;t match.&#10;Expected: &lt;0&gt;&#10;  Actual: 100&#10;" type="java.lang.AssertionError"><![CDATA[java.lang.AssertionError: 1 expectation failed.
JSON path result.totalWin doesn't match.
Expected: <0>
  Actual: 100

	at sun.reflect.NativeConstructorAccessorImpl.newInstance0(Native Method)
	at sun.reflect.NativeConstructorAccessorImpl.newInstance(NativeConstructorAccessorImpl.java:62)
	at sun.reflect.DelegatingConstructorAccessorImpl.newInstance(DelegatingConstructorAccessorImpl.java:45)
	at java.lang.reflect.Constructor.newInstance(Constructor.java:422)
	at org.codehaus.groovy.reflection.CachedConstructor.invoke(CachedConstructor.java:83)
	at org.codehaus.groovy.reflection.CachedConstructor.doConstructorInvoke(CachedConstructor.java:77)
	at org.codehaus.groovy.runtime.callsite.ConstructorSite$ConstructorSiteNoUnwrap.callConstructor(ConstructorSite.java:84)
	at org.codehaus.groovy.runtime.callsite.AbstractCallSite.callConstructor(AbstractCallSite.java:247)
	at io.restassured.internal.ResponseSpecificationImpl$HamcrestAssertionClosure.validate(ResponseSpecificationImpl.groovy:471)
	at io.restassured.internal.ResponseSpecificationImpl$HamcrestAssertionClosure$validate$1.call(Unknown Source)
	at io.restassured.internal.ResponseSpecificationImpl.validateResponseIfRequired(ResponseSpecificationImpl.groovy:643)
	at sun.reflect.NativeMethodAccessorImpl.invoke0(Native Method)
	at sun.reflect.NativeMethodAccessorImpl.invoke(NativeMethodAccessorImpl.java:62)
	at sun.reflect.DelegatingMethodAccessorImpl.invoke(DelegatingMethodAccessorImpl.java:43)
	at java.lang.reflect.Method.invoke(Method.java:497)
	at org.codehaus.groovy.runtime.callsite.PogoMetaMethodSite$PogoCachedMethodSiteNoUnwrapNoCoerce.invoke(PogoMetaMethodSite.java:210)
	at org.codehaus.groovy.runtime.callsite.PogoMetaMethodSite.callCurrent(PogoMetaMethodSite.java:59)
	at org.codehaus.groovy.runtime.callsite.AbstractCallSite.callCurrent(AbstractCallSite.java:166)
	at io.restassured.internal.ResponseSpecificationImpl.content(ResponseSpecificationImpl.groovy:265)
	at io.restassured.specification.ResponseSpecification$content$1.callCurrent(Unknown Source)
	at io.restassured.internal.ResponseSpecificationImpl.body(ResponseSpecificationImpl.groovy:248)
	at io.restassured.internal.ValidatableResponseOptionsImpl.body(ValidatableResponseOptionsImpl.java:268)
	at com.skywind.qa.test.SpinTest.testSpin(SpinTest.java:82)
]]></failure>
    <system-out><![CDATA[Spin{description='SecondTheme1x5', combinations='3,23,5,6,19', totalWin=0}
eyJhbGciOiJIUzUxMiIsInR5cCI6IkpXVCJ9.eyJzZXNzaW9uSWQiOjY1ODk0OSwiaWQiOiJnYW1lczpjb250ZXh0OjE6dW5kZWZpbmVkOnN3X2drOndlYiIsImdhbWVNb2RlIjoiZnVuIiwiaWF0IjoxNTExMTk0NTIxLCJpc3MiOiJza3l3aW5kZ3JvdXAifQ.bVR9T2pD6mcnFRWT8WGcQPRQlUdeJWl3Z5kLEXn-TqQv4HL2k5uz0YOIcnBRx-dLRxx-vV6MMQDaRMKYyHyRNQ
Request method:	POST
Request URI:	http://api.cd2.d.skywind-tech.com:4001/casino/game2
Proxy:			<none>
Request params:	<none>
Query params:	<none>
Form params:	<none>
Path params:	<none>
Headers:		Accept=*/*
				Content-Type=application/json; charset=UTF-8
Cookies:		<none>
Multiparts:		<none>
Body:
{
    "bet": 1,
    "coin": 1,
    "gameSession": "eyJhbGciOiJIUzUxMiIsInR5cCI6IkpXVCJ9.eyJzZXNzaW9uSWQiOjY1ODk0OSwiaWQiOiJnYW1lczpjb250ZXh0OjE6dW5kZWZpbmVkOnN3X2drOndlYiIsImdhbWVNb2RlIjoiZnVuIiwiaWF0IjoxNTExMTk0NTIxLCJpc3MiOiJza3l3aW5kZ3JvdXAifQ.bVR9T2pD6mcnFRWT8WGcQPRQlUdeJWl3Z5kLEXn-TqQv4HL2k5uz0YOIcnBRx-dLRxx-vV6MMQDaRMKYyHyRNQ",
    "lines": 1,
    "request": "spin",
    "positions": [
        3,
        23,
        5,
        6,
        19
    ],
    "requestId": 2
}
HTTP/1.1 200 OK
X-Powered-By: Express
Vary: X-HTTP-Method-Override, Accept-Encoding
Access-Control-Allow-Credentials: true
Access-Control-Allow-Origin: *
Access-Control-Expose-Headers: x-paging-total,x-paging-limit,x-paging-offset
Access-Control-Allow-Methods: GET, POST, OPTIONS
Access-Control-Allow-Headers: DNT,X-ACCESS-TOKEN,Keep-Alive,User-Agent,X-Requested-With,If-Modified-Since,Cache-Control,Content-Type,Check-Sum,Cookie
Access-Control-Max-Age: 1728000
Content-Type: application/json; charset=utf-8
Content-Length: 979
ETag: W/"3d3-fQiq6Vle0QeFkSPt63eQWiEwz8I"
Date: Mon, 20 Nov 2017 16:15:22 GMT
Connection: keep-alive

{
    "gameSession": "eyJhbGciOiJIUzUxMiIsInR5cCI6IkpXVCJ9.eyJzZXNzaW9uSWQiOjY1ODk0OSwiaWQiOiJnYW1lczpjb250ZXh0OjE6dW5kZWZpbmVkOnN3X2drOndlYiIsImdhbWVNb2RlIjoiZnVuIiwiaWF0IjoxNTExMTk0NTIxLCJpc3MiOiJza3l3aW5kZ3JvdXAifQ.bVR9T2pD6mcnFRWT8WGcQPRQlUdeJWl3Z5kLEXn-TqQv4HL2k5uz0YOIcnBRx-dLRxx-vV6MMQDaRMKYyHyRNQ",
    "balance": {
        "currency": "USD",
        "amount": 19845,
        "real": {
            "amount": 19845
        },
        "bonus": {
            "amount": 0
        }
    },
    "result": {
        "request": "spin",
        "stake": {
            "lines": 1,
            "bet": 1,
            "coin": 1
        },
        "totalBet": 0,
        "totalWin": 100,
        "scene": "freeSpins",
        "multiplier": 1,
        "state": {
            "currentScene": "freeSpins",
            "multiplier": 1,
            "collapsingWin": 100,
            "collapsingCount": 1,
            "isReSpin": true,
            "freeSpinsWin": 494,
            "freeSpinsCount": 14,
            "initialFreeSpinWin": 0,
            "initialFreeSpinsCount": 15,
            "totalFreeSpinsCount": 15
        },
        "reels": {
            "set": "freeSpins",
            "positions": [
                3,
                23,
                5,
                6,
                19
            ],
            "view": [
                [
                    2,
                    3,
                    3,
                    6,
                    8
                ],
                [
                    7,
                    8,
                    10,
                    4,
                    6
                ],
                [
                    1,
                    1,
                    0,
                    10,
                    1
                ]
            ]
        },
        "rewards": [
            {
                "reward": "line",
                "lineId": 2,
                "payout": 100,
                "paytable": [
                    0,
                    2
                ],
                "lineMultiplier": 1
            }
        ],
        "events": [
            
        ],
        "roundEnded": false,
        "version": "0.2.2"
    }
}
]]></system-out>
  </testcase>
  <testcase name="testSpin" classname="com.skywind.qa.test.SpinTest" time="0.235">
    <failure message="1 expectation failed.&#10;JSON path result.totalWin doesn&apos;t match.&#10;Expected: &lt;250&gt;&#10;  Actual: 0&#10;" type="java.lang.AssertionError"><![CDATA[java.lang.AssertionError: 1 expectation failed.
JSON path result.totalWin doesn't match.
Expected: <250>
  Actual: 0

	at sun.reflect.NativeConstructorAccessorImpl.newInstance0(Native Method)
	at sun.reflect.NativeConstructorAccessorImpl.newInstance(NativeConstructorAccessorImpl.java:62)
	at sun.reflect.DelegatingConstructorAccessorImpl.newInstance(DelegatingConstructorAccessorImpl.java:45)
	at java.lang.reflect.Constructor.newInstance(Constructor.java:422)
	at org.codehaus.groovy.reflection.CachedConstructor.invoke(CachedConstructor.java:83)
	at org.codehaus.groovy.reflection.CachedConstructor.doConstructorInvoke(CachedConstructor.java:77)
	at org.codehaus.groovy.runtime.callsite.ConstructorSite$ConstructorSiteNoUnwrap.callConstructor(ConstructorSite.java:84)
	at org.codehaus.groovy.runtime.callsite.AbstractCallSite.callConstructor(AbstractCallSite.java:247)
	at io.restassured.internal.ResponseSpecificationImpl$HamcrestAssertionClosure.validate(ResponseSpecificationImpl.groovy:471)
	at io.restassured.internal.ResponseSpecificationImpl$HamcrestAssertionClosure$validate$1.call(Unknown Source)
	at io.restassured.internal.ResponseSpecificationImpl.validateResponseIfRequired(ResponseSpecificationImpl.groovy:643)
	at sun.reflect.NativeMethodAccessorImpl.invoke0(Native Method)
	at sun.reflect.NativeMethodAccessorImpl.invoke(NativeMethodAccessorImpl.java:62)
	at sun.reflect.DelegatingMethodAccessorImpl.invoke(DelegatingMethodAccessorImpl.java:43)
	at java.lang.reflect.Method.invoke(Method.java:497)
	at org.codehaus.groovy.runtime.callsite.PogoMetaMethodSite$PogoCachedMethodSiteNoUnwrapNoCoerce.invoke(PogoMetaMethodSite.java:210)
	at org.codehaus.groovy.runtime.callsite.PogoMetaMethodSite.callCurrent(PogoMetaMethodSite.java:59)
	at org.codehaus.groovy.runtime.callsite.AbstractCallSite.callCurrent(AbstractCallSite.java:166)
	at io.restassured.internal.ResponseSpecificationImpl.content(ResponseSpecificationImpl.groovy:265)
	at io.restassured.specification.ResponseSpecification$content$1.callCurrent(Unknown Source)
	at io.restassured.internal.ResponseSpecificationImpl.body(ResponseSpecificationImpl.groovy:248)
	at io.restassured.internal.ValidatableResponseOptionsImpl.body(ValidatableResponseOptionsImpl.java:268)
	at com.skywind.qa.test.SpinTest.testSpin(SpinTest.java:82)
]]></failure>
    <system-out><![CDATA[Spin{description='Theme1x4', combinations='20,24,6,7,7', totalWin=250}
eyJhbGciOiJIUzUxMiIsInR5cCI6IkpXVCJ9.eyJzZXNzaW9uSWQiOjY1ODk0OSwiaWQiOiJnYW1lczpjb250ZXh0OjE6dW5kZWZpbmVkOnN3X2drOndlYiIsImdhbWVNb2RlIjoiZnVuIiwiaWF0IjoxNTExMTk0NTIxLCJpc3MiOiJza3l3aW5kZ3JvdXAifQ.bVR9T2pD6mcnFRWT8WGcQPRQlUdeJWl3Z5kLEXn-TqQv4HL2k5uz0YOIcnBRx-dLRxx-vV6MMQDaRMKYyHyRNQ
Request method:	POST
Request URI:	http://api.cd2.d.skywind-tech.com:4001/casino/game2
Proxy:			<none>
Request params:	<none>
Query params:	<none>
Form params:	<none>
Path params:	<none>
Headers:		Accept=*/*
				Content-Type=application/json; charset=UTF-8
Cookies:		<none>
Multiparts:		<none>
Body:
{
    "bet": 1,
    "coin": 1,
    "gameSession": "eyJhbGciOiJIUzUxMiIsInR5cCI6IkpXVCJ9.eyJzZXNzaW9uSWQiOjY1ODk0OSwiaWQiOiJnYW1lczpjb250ZXh0OjE6dW5kZWZpbmVkOnN3X2drOndlYiIsImdhbWVNb2RlIjoiZnVuIiwiaWF0IjoxNTExMTk0NTIxLCJpc3MiOiJza3l3aW5kZ3JvdXAifQ.bVR9T2pD6mcnFRWT8WGcQPRQlUdeJWl3Z5kLEXn-TqQv4HL2k5uz0YOIcnBRx-dLRxx-vV6MMQDaRMKYyHyRNQ",
    "lines": 1,
    "request": "spin",
    "positions": [
        20,
        24,
        6,
        7,
        7
    ],
    "requestId": 3
}
HTTP/1.1 200 OK
X-Powered-By: Express
Vary: X-HTTP-Method-Override, Accept-Encoding
Access-Control-Allow-Credentials: true
Access-Control-Allow-Origin: *
Access-Control-Expose-Headers: x-paging-total,x-paging-limit,x-paging-offset
Access-Control-Allow-Methods: GET, POST, OPTIONS
Access-Control-Allow-Headers: DNT,X-ACCESS-TOKEN,Keep-Alive,User-Agent,X-Requested-With,If-Modified-Since,Cache-Control,Content-Type,Check-Sum,Cookie
Access-Control-Max-Age: 1728000
Content-Type: application/json; charset=utf-8
Content-Length: 901
ETag: W/"385-8QyN1fZ8rZMNEG0Q2fHmOqikC8I"
Date: Mon, 20 Nov 2017 16:15:23 GMT
Connection: keep-alive

{
    "gameSession": "eyJhbGciOiJIUzUxMiIsInR5cCI6IkpXVCJ9.eyJzZXNzaW9uSWQiOjY1ODk0OSwiaWQiOiJnYW1lczpjb250ZXh0OjE6dW5kZWZpbmVkOnN3X2drOndlYiIsImdhbWVNb2RlIjoiZnVuIiwiaWF0IjoxNTExMTk0NTIxLCJpc3MiOiJza3l3aW5kZ3JvdXAifQ.bVR9T2pD6mcnFRWT8WGcQPRQlUdeJWl3Z5kLEXn-TqQv4HL2k5uz0YOIcnBRx-dLRxx-vV6MMQDaRMKYyHyRNQ",
    "balance": {
        "currency": "USD",
        "amount": 19845,
        "real": {
            "amount": 19845
        },
        "bonus": {
            "amount": 0
        }
    },
    "result": {
        "request": "spin",
        "stake": {
            "lines": 1,
            "bet": 1,
            "coin": 1
        },
        "totalBet": 0,
        "totalWin": 0,
        "scene": "freeSpins",
        "multiplier": 2,
        "state": {
            "currentScene": "freeSpins",
            "multiplier": 2,
            "collapsingWin": 100,
            "collapsingCount": 0,
            "isReSpin": false,
            "freeSpinsWin": 494,
            "freeSpinsCount": 13,
            "initialFreeSpinWin": 0,
            "initialFreeSpinsCount": 15,
            "totalFreeSpinsCount": 15
        },
        "reels": {
            "set": "freeSpins",
            "positions": [
                2,
                22,
                4,
                6,
                19
            ],
            "view": [
                [
                    8,
                    7,
                    6,
                    6,
                    8
                ],
                [
                    2,
                    3,
                    3,
                    4,
                    6
                ],
                [
                    7,
                    8,
                    10,
                    10,
                    1
                ]
            ]
        },
        "rewards": [
            
        ],
        "events": [
            
        ],
        "roundEnded": false,
        "version": "0.2.2"
    }
}
]]></system-out>
  </testcase>
  <testcase name="testSpin" classname="com.skywind.qa.test.SpinTest" time="0.273">
    <failure message="1 expectation failed.&#10;JSON path result.totalWin doesn&apos;t match.&#10;Expected: &lt;0&gt;&#10;  Actual: 100&#10;" type="java.lang.AssertionError"><![CDATA[java.lang.AssertionError: 1 expectation failed.
JSON path result.totalWin doesn't match.
Expected: <0>
  Actual: 100

	at sun.reflect.NativeConstructorAccessorImpl.newInstance0(Native Method)
	at sun.reflect.NativeConstructorAccessorImpl.newInstance(NativeConstructorAccessorImpl.java:62)
	at sun.reflect.DelegatingConstructorAccessorImpl.newInstance(DelegatingConstructorAccessorImpl.java:45)
	at java.lang.reflect.Constructor.newInstance(Constructor.java:422)
	at org.codehaus.groovy.reflection.CachedConstructor.invoke(CachedConstructor.java:83)
	at org.codehaus.groovy.reflection.CachedConstructor.doConstructorInvoke(CachedConstructor.java:77)
	at org.codehaus.groovy.runtime.callsite.ConstructorSite$ConstructorSiteNoUnwrap.callConstructor(ConstructorSite.java:84)
	at org.codehaus.groovy.runtime.callsite.AbstractCallSite.callConstructor(AbstractCallSite.java:247)
	at io.restassured.internal.ResponseSpecificationImpl$HamcrestAssertionClosure.validate(ResponseSpecificationImpl.groovy:471)
	at io.restassured.internal.ResponseSpecificationImpl$HamcrestAssertionClosure$validate$1.call(Unknown Source)
	at io.restassured.internal.ResponseSpecificationImpl.validateResponseIfRequired(ResponseSpecificationImpl.groovy:643)
	at sun.reflect.NativeMethodAccessorImpl.invoke0(Native Method)
	at sun.reflect.NativeMethodAccessorImpl.invoke(NativeMethodAccessorImpl.java:62)
	at sun.reflect.DelegatingMethodAccessorImpl.invoke(DelegatingMethodAccessorImpl.java:43)
	at java.lang.reflect.Method.invoke(Method.java:497)
	at org.codehaus.groovy.runtime.callsite.PogoMetaMethodSite$PogoCachedMethodSiteNoUnwrapNoCoerce.invoke(PogoMetaMethodSite.java:210)
	at org.codehaus.groovy.runtime.callsite.PogoMetaMethodSite.callCurrent(PogoMetaMethodSite.java:59)
	at org.codehaus.groovy.runtime.callsite.AbstractCallSite.callCurrent(AbstractCallSite.java:166)
	at io.restassured.internal.ResponseSpecificationImpl.content(ResponseSpecificationImpl.groovy:265)
	at io.restassured.specification.ResponseSpecification$content$1.callCurrent(Unknown Source)
	at io.restassured.internal.ResponseSpecificationImpl.body(ResponseSpecificationImpl.groovy:248)
	at io.restassured.internal.ValidatableResponseOptionsImpl.body(ValidatableResponseOptionsImpl.java:268)
	at com.skywind.qa.test.SpinTest.testSpin(SpinTest.java:82)
]]></failure>
    <system-out><![CDATA[Spin{description='SecondTheme1x4', combinations='19,23,5,6,7', totalWin=0}
eyJhbGciOiJIUzUxMiIsInR5cCI6IkpXVCJ9.eyJzZXNzaW9uSWQiOjY1ODk0OSwiaWQiOiJnYW1lczpjb250ZXh0OjE6dW5kZWZpbmVkOnN3X2drOndlYiIsImdhbWVNb2RlIjoiZnVuIiwiaWF0IjoxNTExMTk0NTIxLCJpc3MiOiJza3l3aW5kZ3JvdXAifQ.bVR9T2pD6mcnFRWT8WGcQPRQlUdeJWl3Z5kLEXn-TqQv4HL2k5uz0YOIcnBRx-dLRxx-vV6MMQDaRMKYyHyRNQ
Request method:	POST
Request URI:	http://api.cd2.d.skywind-tech.com:4001/casino/game2
Proxy:			<none>
Request params:	<none>
Query params:	<none>
Form params:	<none>
Path params:	<none>
Headers:		Accept=*/*
				Content-Type=application/json; charset=UTF-8
Cookies:		<none>
Multiparts:		<none>
Body:
{
    "bet": 1,
    "coin": 1,
    "gameSession": "eyJhbGciOiJIUzUxMiIsInR5cCI6IkpXVCJ9.eyJzZXNzaW9uSWQiOjY1ODk0OSwiaWQiOiJnYW1lczpjb250ZXh0OjE6dW5kZWZpbmVkOnN3X2drOndlYiIsImdhbWVNb2RlIjoiZnVuIiwiaWF0IjoxNTExMTk0NTIxLCJpc3MiOiJza3l3aW5kZ3JvdXAifQ.bVR9T2pD6mcnFRWT8WGcQPRQlUdeJWl3Z5kLEXn-TqQv4HL2k5uz0YOIcnBRx-dLRxx-vV6MMQDaRMKYyHyRNQ",
    "lines": 1,
    "request": "spin",
    "positions": [
        19,
        23,
        5,
        6,
        7
    ],
    "requestId": 4
}
HTTP/1.1 200 OK
X-Powered-By: Express
Vary: X-HTTP-Method-Override, Accept-Encoding
Access-Control-Allow-Credentials: true
Access-Control-Allow-Origin: *
Access-Control-Expose-Headers: x-paging-total,x-paging-limit,x-paging-offset
Access-Control-Allow-Methods: GET, POST, OPTIONS
Access-Control-Allow-Headers: DNT,X-ACCESS-TOKEN,Keep-Alive,User-Agent,X-Requested-With,If-Modified-Since,Cache-Control,Content-Type,Check-Sum,Cookie
Access-Control-Max-Age: 1728000
Content-Type: application/json; charset=utf-8
Content-Length: 981
ETag: W/"3d5-Pb1n5IlyVHDUc5BwXifUPEDsDIk"
Date: Mon, 20 Nov 2017 16:15:23 GMT
Connection: keep-alive

{
    "gameSession": "eyJhbGciOiJIUzUxMiIsInR5cCI6IkpXVCJ9.eyJzZXNzaW9uSWQiOjY1ODk0OSwiaWQiOiJnYW1lczpjb250ZXh0OjE6dW5kZWZpbmVkOnN3X2drOndlYiIsImdhbWVNb2RlIjoiZnVuIiwiaWF0IjoxNTExMTk0NTIxLCJpc3MiOiJza3l3aW5kZ3JvdXAifQ.bVR9T2pD6mcnFRWT8WGcQPRQlUdeJWl3Z5kLEXn-TqQv4HL2k5uz0YOIcnBRx-dLRxx-vV6MMQDaRMKYyHyRNQ",
    "balance": {
        "currency": "USD",
        "amount": 19945,
        "real": {
            "amount": 19945
        },
        "bonus": {
            "amount": 0
        }
    },
    "result": {
        "request": "spin",
        "stake": {
            "lines": 1,
            "bet": 1,
            "coin": 1
        },
        "totalBet": 0,
        "totalWin": 100,
        "scene": "freeSpins",
        "multiplier": 1,
        "state": {
            "currentScene": "freeSpins",
            "multiplier": 1,
            "collapsingWin": 100,
            "collapsingCount": 1,
            "isReSpin": true,
            "freeSpinsWin": 594,
            "freeSpinsCount": 13,
            "initialFreeSpinWin": 0,
            "initialFreeSpinsCount": 15,
            "totalFreeSpinsCount": 15
        },
        "reels": {
            "set": "freeSpins",
            "positions": [
                19,
                23,
                5,
                6,
                7
            ],
            "view": [
                [
                    11,
                    3,
                    3,
                    6,
                    11
                ],
                [
                    2,
                    8,
                    10,
                    4,
                    2
                ],
                [
                    1,
                    1,
                    0,
                    10,
                    3
                ]
            ]
        },
        "rewards": [
            {
                "reward": "line",
                "lineId": 2,
                "payout": 100,
                "paytable": [
                    0,
                    2
                ],
                "lineMultiplier": 1
            }
        ],
        "events": [
            
        ],
        "roundEnded": false,
        "version": "0.2.2"
    }
}
]]></system-out>
  </testcase>
  <testcase name="testSpin" classname="com.skywind.qa.test.SpinTest" time="0.197">
    <failure message="1 expectation failed.&#10;JSON path result.totalWin doesn&apos;t match.&#10;Expected: &lt;100&gt;&#10;  Actual: 0&#10;" type="java.lang.AssertionError"><![CDATA[java.lang.AssertionError: 1 expectation failed.
JSON path result.totalWin doesn't match.
Expected: <100>
  Actual: 0

	at sun.reflect.NativeConstructorAccessorImpl.newInstance0(Native Method)
	at sun.reflect.NativeConstructorAccessorImpl.newInstance(NativeConstructorAccessorImpl.java:62)
	at sun.reflect.DelegatingConstructorAccessorImpl.newInstance(DelegatingConstructorAccessorImpl.java:45)
	at java.lang.reflect.Constructor.newInstance(Constructor.java:422)
	at org.codehaus.groovy.reflection.CachedConstructor.invoke(CachedConstructor.java:83)
	at org.codehaus.groovy.reflection.CachedConstructor.doConstructorInvoke(CachedConstructor.java:77)
	at org.codehaus.groovy.runtime.callsite.ConstructorSite$ConstructorSiteNoUnwrap.callConstructor(ConstructorSite.java:84)
	at org.codehaus.groovy.runtime.callsite.AbstractCallSite.callConstructor(AbstractCallSite.java:247)
	at io.restassured.internal.ResponseSpecificationImpl$HamcrestAssertionClosure.validate(ResponseSpecificationImpl.groovy:471)
	at io.restassured.internal.ResponseSpecificationImpl$HamcrestAssertionClosure$validate$1.call(Unknown Source)
	at io.restassured.internal.ResponseSpecificationImpl.validateResponseIfRequired(ResponseSpecificationImpl.groovy:643)
	at sun.reflect.NativeMethodAccessorImpl.invoke0(Native Method)
	at sun.reflect.NativeMethodAccessorImpl.invoke(NativeMethodAccessorImpl.java:62)
	at sun.reflect.DelegatingMethodAccessorImpl.invoke(DelegatingMethodAccessorImpl.java:43)
	at java.lang.reflect.Method.invoke(Method.java:497)
	at org.codehaus.groovy.runtime.callsite.PogoMetaMethodSite$PogoCachedMethodSiteNoUnwrapNoCoerce.invoke(PogoMetaMethodSite.java:210)
	at org.codehaus.groovy.runtime.callsite.PogoMetaMethodSite.callCurrent(PogoMetaMethodSite.java:59)
	at org.codehaus.groovy.runtime.callsite.AbstractCallSite.callCurrent(AbstractCallSite.java:166)
	at io.restassured.internal.ResponseSpecificationImpl.content(ResponseSpecificationImpl.groovy:265)
	at io.restassured.specification.ResponseSpecification$content$1.callCurrent(Unknown Source)
	at io.restassured.internal.ResponseSpecificationImpl.body(ResponseSpecificationImpl.groovy:248)
	at io.restassured.internal.ValidatableResponseOptionsImpl.body(ValidatableResponseOptionsImpl.java:268)
	at com.skywind.qa.test.SpinTest.testSpin(SpinTest.java:82)
]]></failure>
    <system-out><![CDATA[Spin{description='Theme1x3', combinations='19,23,6,5,15', totalWin=100}
eyJhbGciOiJIUzUxMiIsInR5cCI6IkpXVCJ9.eyJzZXNzaW9uSWQiOjY1ODk0OSwiaWQiOiJnYW1lczpjb250ZXh0OjE6dW5kZWZpbmVkOnN3X2drOndlYiIsImdhbWVNb2RlIjoiZnVuIiwiaWF0IjoxNTExMTk0NTIxLCJpc3MiOiJza3l3aW5kZ3JvdXAifQ.bVR9T2pD6mcnFRWT8WGcQPRQlUdeJWl3Z5kLEXn-TqQv4HL2k5uz0YOIcnBRx-dLRxx-vV6MMQDaRMKYyHyRNQ
Request method:	POST
Request URI:	http://api.cd2.d.skywind-tech.com:4001/casino/game2
Proxy:			<none>
Request params:	<none>
Query params:	<none>
Form params:	<none>
Path params:	<none>
Headers:		Accept=*/*
				Content-Type=application/json; charset=UTF-8
Cookies:		<none>
Multiparts:		<none>
Body:
{
    "bet": 1,
    "coin": 1,
    "gameSession": "eyJhbGciOiJIUzUxMiIsInR5cCI6IkpXVCJ9.eyJzZXNzaW9uSWQiOjY1ODk0OSwiaWQiOiJnYW1lczpjb250ZXh0OjE6dW5kZWZpbmVkOnN3X2drOndlYiIsImdhbWVNb2RlIjoiZnVuIiwiaWF0IjoxNTExMTk0NTIxLCJpc3MiOiJza3l3aW5kZ3JvdXAifQ.bVR9T2pD6mcnFRWT8WGcQPRQlUdeJWl3Z5kLEXn-TqQv4HL2k5uz0YOIcnBRx-dLRxx-vV6MMQDaRMKYyHyRNQ",
    "lines": 1,
    "request": "spin",
    "positions": [
        19,
        23,
        6,
        5,
        15
    ],
    "requestId": 5
}
HTTP/1.1 200 OK
X-Powered-By: Express
Vary: X-HTTP-Method-Override, Accept-Encoding
Access-Control-Allow-Credentials: true
Access-Control-Allow-Origin: *
Access-Control-Expose-Headers: x-paging-total,x-paging-limit,x-paging-offset
Access-Control-Allow-Methods: GET, POST, OPTIONS
Access-Control-Allow-Headers: DNT,X-ACCESS-TOKEN,Keep-Alive,User-Agent,X-Requested-With,If-Modified-Since,Cache-Control,Content-Type,Check-Sum,Cookie
Access-Control-Max-Age: 1728000
Content-Type: application/json; charset=utf-8
Content-Length: 903
ETag: W/"387-eJNYJCpRXmdBOD8YpHXoHsaAas4"
Date: Mon, 20 Nov 2017 16:15:23 GMT
Connection: keep-alive

{
    "gameSession": "eyJhbGciOiJIUzUxMiIsInR5cCI6IkpXVCJ9.eyJzZXNzaW9uSWQiOjY1ODk0OSwiaWQiOiJnYW1lczpjb250ZXh0OjE6dW5kZWZpbmVkOnN3X2drOndlYiIsImdhbWVNb2RlIjoiZnVuIiwiaWF0IjoxNTExMTk0NTIxLCJpc3MiOiJza3l3aW5kZ3JvdXAifQ.bVR9T2pD6mcnFRWT8WGcQPRQlUdeJWl3Z5kLEXn-TqQv4HL2k5uz0YOIcnBRx-dLRxx-vV6MMQDaRMKYyHyRNQ",
    "balance": {
        "currency": "USD",
        "amount": 19945,
        "real": {
            "amount": 19945
        },
        "bonus": {
            "amount": 0
        }
    },
    "result": {
        "request": "spin",
        "stake": {
            "lines": 1,
            "bet": 1,
            "coin": 1
        },
        "totalBet": 0,
        "totalWin": 0,
        "scene": "freeSpins",
        "multiplier": 2,
        "state": {
            "currentScene": "freeSpins",
            "multiplier": 2,
            "collapsingWin": 100,
            "collapsingCount": 0,
            "isReSpin": false,
            "freeSpinsWin": 594,
            "freeSpinsCount": 12,
            "initialFreeSpinWin": 0,
            "initialFreeSpinsCount": 15,
            "totalFreeSpinsCount": 15
        },
        "reels": {
            "set": "freeSpins",
            "positions": [
                18,
                22,
                4,
                6,
                7
            ],
            "view": [
                [
                    9,
                    7,
                    6,
                    6,
                    11
                ],
                [
                    11,
                    3,
                    3,
                    4,
                    2
                ],
                [
                    2,
                    8,
                    10,
                    10,
                    3
                ]
            ]
        },
        "rewards": [
            
        ],
        "events": [
            
        ],
        "roundEnded": false,
        "version": "0.2.2"
    }
}
]]></system-out>
  </testcase>
  <testcase name="testSpin" classname="com.skywind.qa.test.SpinTest" time="0.151"/>
  <testcase name="testSpin" classname="com.skywind.qa.test.SpinTest" time="0.18">
    <failure message="1 expectation failed.&#10;JSON path result.totalWin doesn&apos;t match.&#10;Expected: &lt;300&gt;&#10;  Actual: 75&#10;" type="java.lang.AssertionError"><![CDATA[java.lang.AssertionError: 1 expectation failed.
JSON path result.totalWin doesn't match.
Expected: <300>
  Actual: 75

	at sun.reflect.NativeConstructorAccessorImpl.newInstance0(Native Method)
	at sun.reflect.NativeConstructorAccessorImpl.newInstance(NativeConstructorAccessorImpl.java:62)
	at sun.reflect.DelegatingConstructorAccessorImpl.newInstance(DelegatingConstructorAccessorImpl.java:45)
	at java.lang.reflect.Constructor.newInstance(Constructor.java:422)
	at org.codehaus.groovy.reflection.CachedConstructor.invoke(CachedConstructor.java:83)
	at org.codehaus.groovy.reflection.CachedConstructor.doConstructorInvoke(CachedConstructor.java:77)
	at org.codehaus.groovy.runtime.callsite.ConstructorSite$ConstructorSiteNoUnwrap.callConstructor(ConstructorSite.java:84)
	at org.codehaus.groovy.runtime.callsite.AbstractCallSite.callConstructor(AbstractCallSite.java:247)
	at io.restassured.internal.ResponseSpecificationImpl$HamcrestAssertionClosure.validate(ResponseSpecificationImpl.groovy:471)
	at io.restassured.internal.ResponseSpecificationImpl$HamcrestAssertionClosure$validate$1.call(Unknown Source)
	at io.restassured.internal.ResponseSpecificationImpl.validateResponseIfRequired(ResponseSpecificationImpl.groovy:643)
	at sun.reflect.NativeMethodAccessorImpl.invoke0(Native Method)
	at sun.reflect.NativeMethodAccessorImpl.invoke(NativeMethodAccessorImpl.java:62)
	at sun.reflect.DelegatingMethodAccessorImpl.invoke(DelegatingMethodAccessorImpl.java:43)
	at java.lang.reflect.Method.invoke(Method.java:497)
	at org.codehaus.groovy.runtime.callsite.PogoMetaMethodSite$PogoCachedMethodSiteNoUnwrapNoCoerce.invoke(PogoMetaMethodSite.java:210)
	at org.codehaus.groovy.runtime.callsite.PogoMetaMethodSite.callCurrent(PogoMetaMethodSite.java:59)
	at org.codehaus.groovy.runtime.callsite.AbstractCallSite.callCurrent(AbstractCallSite.java:166)
	at io.restassured.internal.ResponseSpecificationImpl.content(ResponseSpecificationImpl.groovy:265)
	at io.restassured.specification.ResponseSpecification$content$1.callCurrent(Unknown Source)
	at io.restassured.internal.ResponseSpecificationImpl.body(ResponseSpecificationImpl.groovy:248)
	at io.restassured.internal.ValidatableResponseOptionsImpl.body(ValidatableResponseOptionsImpl.java:268)
	at com.skywind.qa.test.SpinTest.testSpin(SpinTest.java:82)
]]></failure>
    <system-out><![CDATA[Spin{description='Theme2x5', combinations='5,3,11,8,21', totalWin=300}
eyJhbGciOiJIUzUxMiIsInR5cCI6IkpXVCJ9.eyJzZXNzaW9uSWQiOjY1ODk0OSwiaWQiOiJnYW1lczpjb250ZXh0OjE6dW5kZWZpbmVkOnN3X2drOndlYiIsImdhbWVNb2RlIjoiZnVuIiwiaWF0IjoxNTExMTk0NTIxLCJpc3MiOiJza3l3aW5kZ3JvdXAifQ.bVR9T2pD6mcnFRWT8WGcQPRQlUdeJWl3Z5kLEXn-TqQv4HL2k5uz0YOIcnBRx-dLRxx-vV6MMQDaRMKYyHyRNQ
Request method:	POST
Request URI:	http://api.cd2.d.skywind-tech.com:4001/casino/game2
Proxy:			<none>
Request params:	<none>
Query params:	<none>
Form params:	<none>
Path params:	<none>
Headers:		Accept=*/*
				Content-Type=application/json; charset=UTF-8
Cookies:		<none>
Multiparts:		<none>
Body:
{
    "bet": 1,
    "coin": 1,
    "gameSession": "eyJhbGciOiJIUzUxMiIsInR5cCI6IkpXVCJ9.eyJzZXNzaW9uSWQiOjY1ODk0OSwiaWQiOiJnYW1lczpjb250ZXh0OjE6dW5kZWZpbmVkOnN3X2drOndlYiIsImdhbWVNb2RlIjoiZnVuIiwiaWF0IjoxNTExMTk0NTIxLCJpc3MiOiJza3l3aW5kZ3JvdXAifQ.bVR9T2pD6mcnFRWT8WGcQPRQlUdeJWl3Z5kLEXn-TqQv4HL2k5uz0YOIcnBRx-dLRxx-vV6MMQDaRMKYyHyRNQ",
    "lines": 1,
    "request": "spin",
    "positions": [
        5,
        3,
        11,
        8,
        21
    ],
    "requestId": 7
}
HTTP/1.1 200 OK
X-Powered-By: Express
Vary: X-HTTP-Method-Override, Accept-Encoding
Access-Control-Allow-Credentials: true
Access-Control-Allow-Origin: *
Access-Control-Expose-Headers: x-paging-total,x-paging-limit,x-paging-offset
Access-Control-Allow-Methods: GET, POST, OPTIONS
Access-Control-Allow-Headers: DNT,X-ACCESS-TOKEN,Keep-Alive,User-Agent,X-Requested-With,If-Modified-Since,Cache-Control,Content-Type,Check-Sum,Cookie
Access-Control-Max-Age: 1728000
Content-Type: application/json; charset=utf-8
Content-Length: 978
ETag: W/"3d2-xFyDc9qCxgg2IMPnXCEtc8/oyD0"
Date: Mon, 20 Nov 2017 16:15:23 GMT
Connection: keep-alive

{
    "gameSession": "eyJhbGciOiJIUzUxMiIsInR5cCI6IkpXVCJ9.eyJzZXNzaW9uSWQiOjY1ODk0OSwiaWQiOiJnYW1lczpjb250ZXh0OjE6dW5kZWZpbmVkOnN3X2drOndlYiIsImdhbWVNb2RlIjoiZnVuIiwiaWF0IjoxNTExMTk0NTIxLCJpc3MiOiJza3l3aW5kZ3JvdXAifQ.bVR9T2pD6mcnFRWT8WGcQPRQlUdeJWl3Z5kLEXn-TqQv4HL2k5uz0YOIcnBRx-dLRxx-vV6MMQDaRMKYyHyRNQ",
    "balance": {
        "currency": "USD",
        "amount": 20020,
        "real": {
            "amount": 20020
        },
        "bonus": {
            "amount": 0
        }
    },
    "result": {
        "request": "spin",
        "stake": {
            "lines": 1,
            "bet": 1,
            "coin": 1
        },
        "totalBet": 0,
        "totalWin": 75,
        "scene": "freeSpins",
        "multiplier": 1,
        "state": {
            "currentScene": "freeSpins",
            "multiplier": 1,
            "collapsingWin": 75,
            "collapsingCount": 1,
            "isReSpin": true,
            "freeSpinsWin": 669,
            "freeSpinsCount": 11,
            "initialFreeSpinWin": 0,
            "initialFreeSpinsCount": 15,
            "totalFreeSpinsCount": 15
        },
        "reels": {
            "set": "freeSpins",
            "positions": [
                5,
                3,
                11,
                8,
                21
            ],
            "view": [
                [
                    1,
                    6,
                    10,
                    10,
                    1
                ],
                [
                    10,
                    8,
                    8,
                    1,
                    10
                ],
                [
                    2,
                    2,
                    2,
                    9,
                    2
                ]
            ]
        },
        "rewards": [
            {
                "reward": "line",
                "lineId": 2,
                "payout": 75,
                "paytable": [
                    1,
                    2
                ],
                "lineMultiplier": 1
            }
        ],
        "events": [
            
        ],
        "roundEnded": false,
        "version": "0.2.2"
    }
}
]]></system-out>
  </testcase>
  <testcase name="testSpin" classname="com.skywind.qa.test.SpinTest" time="0.152"/>
  <testcase name="testSpin" classname="com.skywind.qa.test.SpinTest" time="0.18"/>
  <testcase name="testSpin" classname="com.skywind.qa.test.SpinTest" time="0.125"/>
  <testcase name="testSpin" classname="com.skywind.qa.test.SpinTest" time="0.149"/>
  <testcase name="testSpin" classname="com.skywind.qa.test.SpinTest" time="0.168"/>
  <testcase name="testSpin" classname="com.skywind.qa.test.SpinTest" time="0.132">
    <failure message="1 expectation failed.&#10;JSON path result.totalWin doesn&apos;t match.&#10;Expected: &lt;200&gt;&#10;  Actual: 60&#10;" type="java.lang.AssertionError"><![CDATA[java.lang.AssertionError: 1 expectation failed.
JSON path result.totalWin doesn't match.
Expected: <200>
  Actual: 60

	at sun.reflect.NativeConstructorAccessorImpl.newInstance0(Native Method)
	at sun.reflect.NativeConstructorAccessorImpl.newInstance(NativeConstructorAccessorImpl.java:62)
	at sun.reflect.DelegatingConstructorAccessorImpl.newInstance(DelegatingConstructorAccessorImpl.java:45)
	at java.lang.reflect.Constructor.newInstance(Constructor.java:422)
	at org.codehaus.groovy.reflection.CachedConstructor.invoke(CachedConstructor.java:83)
	at org.codehaus.groovy.reflection.CachedConstructor.doConstructorInvoke(CachedConstructor.java:77)
	at org.codehaus.groovy.runtime.callsite.ConstructorSite$ConstructorSiteNoUnwrap.callConstructor(ConstructorSite.java:84)
	at org.codehaus.groovy.runtime.callsite.AbstractCallSite.callConstructor(AbstractCallSite.java:247)
	at io.restassured.internal.ResponseSpecificationImpl$HamcrestAssertionClosure.validate(ResponseSpecificationImpl.groovy:471)
	at io.restassured.internal.ResponseSpecificationImpl$HamcrestAssertionClosure$validate$1.call(Unknown Source)
	at io.restassured.internal.ResponseSpecificationImpl.validateResponseIfRequired(ResponseSpecificationImpl.groovy:643)
	at sun.reflect.GeneratedMethodAccessor75.invoke(Unknown Source)
	at sun.reflect.DelegatingMethodAccessorImpl.invoke(DelegatingMethodAccessorImpl.java:43)
	at java.lang.reflect.Method.invoke(Method.java:497)
	at org.codehaus.groovy.runtime.callsite.PogoMetaMethodSite$PogoCachedMethodSiteNoUnwrapNoCoerce.invoke(PogoMetaMethodSite.java:210)
	at org.codehaus.groovy.runtime.callsite.PogoMetaMethodSite.callCurrent(PogoMetaMethodSite.java:59)
	at org.codehaus.groovy.runtime.callsite.AbstractCallSite.callCurrent(AbstractCallSite.java:166)
	at io.restassured.internal.ResponseSpecificationImpl.content(ResponseSpecificationImpl.groovy:265)
	at io.restassured.specification.ResponseSpecification$content$1.callCurrent(Unknown Source)
	at io.restassured.internal.ResponseSpecificationImpl.body(ResponseSpecificationImpl.groovy:248)
	at io.restassured.internal.ValidatableResponseOptionsImpl.body(ValidatableResponseOptionsImpl.java:268)
	at com.skywind.qa.test.SpinTest.testSpin(SpinTest.java:82)
]]></failure>
    <system-out><![CDATA[Spin{description='Theme3x5', combinations='15,28,21,29,18', totalWin=200}
eyJhbGciOiJIUzUxMiIsInR5cCI6IkpXVCJ9.eyJzZXNzaW9uSWQiOjY1ODk0OSwiaWQiOiJnYW1lczpjb250ZXh0OjE6dW5kZWZpbmVkOnN3X2drOndlYiIsImdhbWVNb2RlIjoiZnVuIiwiaWF0IjoxNTExMTk0NTIxLCJpc3MiOiJza3l3aW5kZ3JvdXAifQ.bVR9T2pD6mcnFRWT8WGcQPRQlUdeJWl3Z5kLEXn-TqQv4HL2k5uz0YOIcnBRx-dLRxx-vV6MMQDaRMKYyHyRNQ
Request method:	POST
Request URI:	http://api.cd2.d.skywind-tech.com:4001/casino/game2
Proxy:			<none>
Request params:	<none>
Query params:	<none>
Form params:	<none>
Path params:	<none>
Headers:		Accept=*/*
				Content-Type=application/json; charset=UTF-8
Cookies:		<none>
Multiparts:		<none>
Body:
{
    "bet": 1,
    "coin": 1,
    "gameSession": "eyJhbGciOiJIUzUxMiIsInR5cCI6IkpXVCJ9.eyJzZXNzaW9uSWQiOjY1ODk0OSwiaWQiOiJnYW1lczpjb250ZXh0OjE6dW5kZWZpbmVkOnN3X2drOndlYiIsImdhbWVNb2RlIjoiZnVuIiwiaWF0IjoxNTExMTk0NTIxLCJpc3MiOiJza3l3aW5kZ3JvdXAifQ.bVR9T2pD6mcnFRWT8WGcQPRQlUdeJWl3Z5kLEXn-TqQv4HL2k5uz0YOIcnBRx-dLRxx-vV6MMQDaRMKYyHyRNQ",
    "lines": 1,
    "request": "spin",
    "positions": [
        15,
        28,
        21,
        29,
        18
    ],
    "requestId": 13
}
HTTP/1.1 200 OK
X-Powered-By: Express
Vary: X-HTTP-Method-Override, Accept-Encoding
Access-Control-Allow-Credentials: true
Access-Control-Allow-Origin: *
Access-Control-Expose-Headers: x-paging-total,x-paging-limit,x-paging-offset
Access-Control-Allow-Methods: GET, POST, OPTIONS
Access-Control-Allow-Headers: DNT,X-ACCESS-TOKEN,Keep-Alive,User-Agent,X-Requested-With,If-Modified-Since,Cache-Control,Content-Type,Check-Sum,Cookie
Access-Control-Max-Age: 1728000
Content-Type: application/json; charset=utf-8
Content-Length: 980
ETag: W/"3d4-tt32w9q3N0lvrJDFkgPPTrHOtxg"
Date: Mon, 20 Nov 2017 16:15:24 GMT
Connection: keep-alive

{
    "gameSession": "eyJhbGciOiJIUzUxMiIsInR5cCI6IkpXVCJ9.eyJzZXNzaW9uSWQiOjY1ODk0OSwiaWQiOiJnYW1lczpjb250ZXh0OjE6dW5kZWZpbmVkOnN3X2drOndlYiIsImdhbWVNb2RlIjoiZnVuIiwiaWF0IjoxNTExMTk0NTIxLCJpc3MiOiJza3l3aW5kZ3JvdXAifQ.bVR9T2pD6mcnFRWT8WGcQPRQlUdeJWl3Z5kLEXn-TqQv4HL2k5uz0YOIcnBRx-dLRxx-vV6MMQDaRMKYyHyRNQ",
    "balance": {
        "currency": "USD",
        "amount": 20305,
        "real": {
            "amount": 20305
        },
        "bonus": {
            "amount": 0
        }
    },
    "result": {
        "request": "spin",
        "stake": {
            "lines": 1,
            "bet": 1,
            "coin": 1
        },
        "totalBet": 0,
        "totalWin": 60,
        "scene": "freeSpins",
        "multiplier": 1,
        "state": {
            "currentScene": "freeSpins",
            "multiplier": 1,
            "collapsingWin": 60,
            "collapsingCount": 1,
            "isReSpin": true,
            "freeSpinsWin": 954,
            "freeSpinsCount": 8,
            "initialFreeSpinWin": 0,
            "initialFreeSpinsCount": 15,
            "totalFreeSpinsCount": 15
        },
        "reels": {
            "set": "freeSpins",
            "positions": [
                15,
                28,
                21,
                29,
                18
            ],
            "view": [
                [
                    3,
                    3,
                    3,
                    12,
                    3
                ],
                [
                    7,
                    4,
                    9,
                    10,
                    8
                ],
                [
                    8,
                    10,
                    10,
                    7,
                    6
                ]
            ]
        },
        "rewards": [
            {
                "reward": "line",
                "lineId": 1,
                "payout": 60,
                "paytable": [
                    2,
                    2
                ],
                "lineMultiplier": 1
            }
        ],
        "events": [
            
        ],
        "roundEnded": false,
        "version": "0.2.2"
    }
}
]]></system-out>
  </testcase>
  <testcase name="testSpin" classname="com.skywind.qa.test.SpinTest" time="0.15"/>
  <testcase name="testSpin" classname="com.skywind.qa.test.SpinTest" time="0.178">
    <failure message="1 expectation failed.&#10;JSON path result.totalWin doesn&apos;t match.&#10;Expected: &lt;120&gt;&#10;  Actual: 60&#10;" type="java.lang.AssertionError"><![CDATA[java.lang.AssertionError: 1 expectation failed.
JSON path result.totalWin doesn't match.
Expected: <120>
  Actual: 60

	at sun.reflect.NativeConstructorAccessorImpl.newInstance0(Native Method)
	at sun.reflect.NativeConstructorAccessorImpl.newInstance(NativeConstructorAccessorImpl.java:62)
	at sun.reflect.DelegatingConstructorAccessorImpl.newInstance(DelegatingConstructorAccessorImpl.java:45)
	at java.lang.reflect.Constructor.newInstance(Constructor.java:422)
	at org.codehaus.groovy.reflection.CachedConstructor.invoke(CachedConstructor.java:83)
	at org.codehaus.groovy.reflection.CachedConstructor.doConstructorInvoke(CachedConstructor.java:77)
	at org.codehaus.groovy.runtime.callsite.ConstructorSite$ConstructorSiteNoUnwrap.callConstructor(ConstructorSite.java:84)
	at org.codehaus.groovy.runtime.callsite.AbstractCallSite.callConstructor(AbstractCallSite.java:247)
	at io.restassured.internal.ResponseSpecificationImpl$HamcrestAssertionClosure.validate(ResponseSpecificationImpl.groovy:471)
	at io.restassured.internal.ResponseSpecificationImpl$HamcrestAssertionClosure$validate$1.call(Unknown Source)
	at io.restassured.internal.ResponseSpecificationImpl.validateResponseIfRequired(ResponseSpecificationImpl.groovy:643)
	at sun.reflect.GeneratedMethodAccessor75.invoke(Unknown Source)
	at sun.reflect.DelegatingMethodAccessorImpl.invoke(DelegatingMethodAccessorImpl.java:43)
	at java.lang.reflect.Method.invoke(Method.java:497)
	at org.codehaus.groovy.runtime.callsite.PogoMetaMethodSite$PogoCachedMethodSiteNoUnwrapNoCoerce.invoke(PogoMetaMethodSite.java:210)
	at org.codehaus.groovy.runtime.callsite.PogoMetaMethodSite.callCurrent(PogoMetaMethodSite.java:59)
	at org.codehaus.groovy.runtime.callsite.AbstractCallSite.callCurrent(AbstractCallSite.java:166)
	at io.restassured.internal.ResponseSpecificationImpl.content(ResponseSpecificationImpl.groovy:265)
	at io.restassured.specification.ResponseSpecification$content$1.callCurrent(Unknown Source)
	at io.restassured.internal.ResponseSpecificationImpl.body(ResponseSpecificationImpl.groovy:248)
	at io.restassured.internal.ValidatableResponseOptionsImpl.body(ValidatableResponseOptionsImpl.java:268)
	at com.skywind.qa.test.SpinTest.testSpin(SpinTest.java:82)
]]></failure>
    <system-out><![CDATA[Spin{description='Theme3x4', combinations='13,22,21,28,27', totalWin=120}
eyJhbGciOiJIUzUxMiIsInR5cCI6IkpXVCJ9.eyJzZXNzaW9uSWQiOjY1ODk0OSwiaWQiOiJnYW1lczpjb250ZXh0OjE6dW5kZWZpbmVkOnN3X2drOndlYiIsImdhbWVNb2RlIjoiZnVuIiwiaWF0IjoxNTExMTk0NTIxLCJpc3MiOiJza3l3aW5kZ3JvdXAifQ.bVR9T2pD6mcnFRWT8WGcQPRQlUdeJWl3Z5kLEXn-TqQv4HL2k5uz0YOIcnBRx-dLRxx-vV6MMQDaRMKYyHyRNQ
Request method:	POST
Request URI:	http://api.cd2.d.skywind-tech.com:4001/casino/game2
Proxy:			<none>
Request params:	<none>
Query params:	<none>
Form params:	<none>
Path params:	<none>
Headers:		Accept=*/*
				Content-Type=application/json; charset=UTF-8
Cookies:		<none>
Multiparts:		<none>
Body:
{
    "bet": 1,
    "coin": 1,
    "gameSession": "eyJhbGciOiJIUzUxMiIsInR5cCI6IkpXVCJ9.eyJzZXNzaW9uSWQiOjY1ODk0OSwiaWQiOiJnYW1lczpjb250ZXh0OjE6dW5kZWZpbmVkOnN3X2drOndlYiIsImdhbWVNb2RlIjoiZnVuIiwiaWF0IjoxNTExMTk0NTIxLCJpc3MiOiJza3l3aW5kZ3JvdXAifQ.bVR9T2pD6mcnFRWT8WGcQPRQlUdeJWl3Z5kLEXn-TqQv4HL2k5uz0YOIcnBRx-dLRxx-vV6MMQDaRMKYyHyRNQ",
    "lines": 1,
    "request": "spin",
    "positions": [
        13,
        22,
        21,
        28,
        27
    ],
    "requestId": 15
}
HTTP/1.1 200 OK
X-Powered-By: Express
Vary: X-HTTP-Method-Override, Accept-Encoding
Access-Control-Allow-Credentials: true
Access-Control-Allow-Origin: *
Access-Control-Expose-Headers: x-paging-total,x-paging-limit,x-paging-offset
Access-Control-Allow-Methods: GET, POST, OPTIONS
Access-Control-Allow-Headers: DNT,X-ACCESS-TOKEN,Keep-Alive,User-Agent,X-Requested-With,If-Modified-Since,Cache-Control,Content-Type,Check-Sum,Cookie
Access-Control-Max-Age: 1728000
Content-Type: application/json; charset=utf-8
Content-Length: 980
ETag: W/"3d4-9MzMpxKRcVVXXlc9G0VkNRavHvQ"
Date: Mon, 20 Nov 2017 16:15:25 GMT
Connection: keep-alive

{
    "gameSession": "eyJhbGciOiJIUzUxMiIsInR5cCI6IkpXVCJ9.eyJzZXNzaW9uSWQiOjY1ODk0OSwiaWQiOiJnYW1lczpjb250ZXh0OjE6dW5kZWZpbmVkOnN3X2drOndlYiIsImdhbWVNb2RlIjoiZnVuIiwiaWF0IjoxNTExMTk0NTIxLCJpc3MiOiJza3l3aW5kZ3JvdXAifQ.bVR9T2pD6mcnFRWT8WGcQPRQlUdeJWl3Z5kLEXn-TqQv4HL2k5uz0YOIcnBRx-dLRxx-vV6MMQDaRMKYyHyRNQ",
    "balance": {
        "currency": "USD",
        "amount": 20365,
        "real": {
            "amount": 20365
        },
        "bonus": {
            "amount": 0
        }
    },
    "result": {
        "request": "spin",
        "stake": {
            "lines": 1,
            "bet": 1,
            "coin": 1
        },
        "totalBet": 0,
        "totalWin": 60,
        "scene": "freeSpins",
        "multiplier": 1,
        "state": {
            "currentScene": "freeSpins",
            "multiplier": 1,
            "collapsingWin": 60,
            "collapsingCount": 1,
            "isReSpin": true,
            "freeSpinsWin": 1014,
            "freeSpinsCount": 7,
            "initialFreeSpinWin": 0,
            "initialFreeSpinsCount": 15,
            "totalFreeSpinsCount": 15
        },
        "reels": {
            "set": "freeSpins",
            "positions": [
                13,
                22,
                21,
                28,
                27
            ],
            "view": [
                [
                    4,
                    7,
                    3,
                    4,
                    7
                ],
                [
                    8,
                    3,
                    9,
                    12,
                    4
                ],
                [
                    3,
                    8,
                    10,
                    10,
                    2
                ]
            ]
        },
        "rewards": [
            {
                "reward": "line",
                "lineId": 4,
                "payout": 60,
                "paytable": [
                    2,
                    2
                ],
                "lineMultiplier": 1
            }
        ],
        "events": [
            
        ],
        "roundEnded": false,
        "version": "0.2.2"
    }
}
]]></system-out>
  </testcase>
  <testcase name="testSpin" classname="com.skywind.qa.test.SpinTest" time="0.176">
    <failure message="1 expectation failed.&#10;JSON path result.totalWin doesn&apos;t match.&#10;Expected: &lt;0&gt;&#10;  Actual: 20&#10;" type="java.lang.AssertionError"><![CDATA[java.lang.AssertionError: 1 expectation failed.
JSON path result.totalWin doesn't match.
Expected: <0>
  Actual: 20

	at sun.reflect.NativeConstructorAccessorImpl.newInstance0(Native Method)
	at sun.reflect.NativeConstructorAccessorImpl.newInstance(NativeConstructorAccessorImpl.java:62)
	at sun.reflect.DelegatingConstructorAccessorImpl.newInstance(DelegatingConstructorAccessorImpl.java:45)
	at java.lang.reflect.Constructor.newInstance(Constructor.java:422)
	at org.codehaus.groovy.reflection.CachedConstructor.invoke(CachedConstructor.java:83)
	at org.codehaus.groovy.reflection.CachedConstructor.doConstructorInvoke(CachedConstructor.java:77)
	at org.codehaus.groovy.runtime.callsite.ConstructorSite$ConstructorSiteNoUnwrap.callConstructor(ConstructorSite.java:84)
	at org.codehaus.groovy.runtime.callsite.AbstractCallSite.callConstructor(AbstractCallSite.java:247)
	at io.restassured.internal.ResponseSpecificationImpl$HamcrestAssertionClosure.validate(ResponseSpecificationImpl.groovy:471)
	at io.restassured.internal.ResponseSpecificationImpl$HamcrestAssertionClosure$validate$1.call(Unknown Source)
	at io.restassured.internal.ResponseSpecificationImpl.validateResponseIfRequired(ResponseSpecificationImpl.groovy:643)
	at sun.reflect.GeneratedMethodAccessor75.invoke(Unknown Source)
	at sun.reflect.DelegatingMethodAccessorImpl.invoke(DelegatingMethodAccessorImpl.java:43)
	at java.lang.reflect.Method.invoke(Method.java:497)
	at org.codehaus.groovy.runtime.callsite.PogoMetaMethodSite$PogoCachedMethodSiteNoUnwrapNoCoerce.invoke(PogoMetaMethodSite.java:210)
	at org.codehaus.groovy.runtime.callsite.PogoMetaMethodSite.callCurrent(PogoMetaMethodSite.java:59)
	at org.codehaus.groovy.runtime.callsite.AbstractCallSite.callCurrent(AbstractCallSite.java:166)
	at io.restassured.internal.ResponseSpecificationImpl.content(ResponseSpecificationImpl.groovy:265)
	at io.restassured.specification.ResponseSpecification$content$1.callCurrent(Unknown Source)
	at io.restassured.internal.ResponseSpecificationImpl.body(ResponseSpecificationImpl.groovy:248)
	at io.restassured.internal.ValidatableResponseOptionsImpl.body(ValidatableResponseOptionsImpl.java:268)
	at com.skywind.qa.test.SpinTest.testSpin(SpinTest.java:82)
]]></failure>
    <system-out><![CDATA[Spin{description='SecondTheme3x4', combinations='12,21,20,27,27', totalWin=0}
eyJhbGciOiJIUzUxMiIsInR5cCI6IkpXVCJ9.eyJzZXNzaW9uSWQiOjY1ODk0OSwiaWQiOiJnYW1lczpjb250ZXh0OjE6dW5kZWZpbmVkOnN3X2drOndlYiIsImdhbWVNb2RlIjoiZnVuIiwiaWF0IjoxNTExMTk0NTIxLCJpc3MiOiJza3l3aW5kZ3JvdXAifQ.bVR9T2pD6mcnFRWT8WGcQPRQlUdeJWl3Z5kLEXn-TqQv4HL2k5uz0YOIcnBRx-dLRxx-vV6MMQDaRMKYyHyRNQ
Request method:	POST
Request URI:	http://api.cd2.d.skywind-tech.com:4001/casino/game2
Proxy:			<none>
Request params:	<none>
Query params:	<none>
Form params:	<none>
Path params:	<none>
Headers:		Accept=*/*
				Content-Type=application/json; charset=UTF-8
Cookies:		<none>
Multiparts:		<none>
Body:
{
    "bet": 1,
    "coin": 1,
    "gameSession": "eyJhbGciOiJIUzUxMiIsInR5cCI6IkpXVCJ9.eyJzZXNzaW9uSWQiOjY1ODk0OSwiaWQiOiJnYW1lczpjb250ZXh0OjE6dW5kZWZpbmVkOnN3X2drOndlYiIsImdhbWVNb2RlIjoiZnVuIiwiaWF0IjoxNTExMTk0NTIxLCJpc3MiOiJza3l3aW5kZ3JvdXAifQ.bVR9T2pD6mcnFRWT8WGcQPRQlUdeJWl3Z5kLEXn-TqQv4HL2k5uz0YOIcnBRx-dLRxx-vV6MMQDaRMKYyHyRNQ",
    "lines": 1,
    "request": "spin",
    "positions": [
        12,
        21,
        20,
        27,
        27
    ],
    "requestId": 16
}
HTTP/1.1 200 OK
X-Powered-By: Express
Vary: X-HTTP-Method-Override, Accept-Encoding
Access-Control-Allow-Credentials: true
Access-Control-Allow-Origin: *
Access-Control-Expose-Headers: x-paging-total,x-paging-limit,x-paging-offset
Access-Control-Allow-Methods: GET, POST, OPTIONS
Access-Control-Allow-Headers: DNT,X-ACCESS-TOKEN,Keep-Alive,User-Agent,X-Requested-With,If-Modified-Since,Cache-Control,Content-Type,Check-Sum,Cookie
Access-Control-Max-Age: 1728000
Content-Type: application/json; charset=utf-8
Content-Length: 981
ETag: W/"3d5-QO1wqGEz3UJpFTSzKZZrk+LhaBo"
Date: Mon, 20 Nov 2017 16:15:25 GMT
Connection: keep-alive

{
    "gameSession": "eyJhbGciOiJIUzUxMiIsInR5cCI6IkpXVCJ9.eyJzZXNzaW9uSWQiOjY1ODk0OSwiaWQiOiJnYW1lczpjb250ZXh0OjE6dW5kZWZpbmVkOnN3X2drOndlYiIsImdhbWVNb2RlIjoiZnVuIiwiaWF0IjoxNTExMTk0NTIxLCJpc3MiOiJza3l3aW5kZ3JvdXAifQ.bVR9T2pD6mcnFRWT8WGcQPRQlUdeJWl3Z5kLEXn-TqQv4HL2k5uz0YOIcnBRx-dLRxx-vV6MMQDaRMKYyHyRNQ",
    "balance": {
        "currency": "USD",
        "amount": 20385,
        "real": {
            "amount": 20385
        },
        "bonus": {
            "amount": 0
        }
    },
    "result": {
        "request": "spin",
        "stake": {
            "lines": 1,
            "bet": 1,
            "coin": 1
        },
        "totalBet": 0,
        "totalWin": 20,
        "scene": "freeSpins",
        "multiplier": 2,
        "state": {
            "currentScene": "freeSpins",
            "multiplier": 2,
            "collapsingWin": 80,
            "collapsingCount": 2,
            "isReSpin": true,
            "freeSpinsWin": 1034,
            "freeSpinsCount": 7,
            "initialFreeSpinWin": 0,
            "initialFreeSpinsCount": 15,
            "totalFreeSpinsCount": 15
        },
        "reels": {
            "set": "freeSpins",
            "positions": [
                12,
                21,
                20,
                28,
                27
            ],
            "view": [
                [
                    7,
                    2,
                    7,
                    4,
                    7
                ],
                [
                    4,
                    7,
                    9,
                    12,
                    4
                ],
                [
                    8,
                    8,
                    10,
                    10,
                    2
                ]
            ]
        },
        "rewards": [
            {
                "reward": "line",
                "lineId": 13,
                "payout": 20,
                "paytable": [
                    5,
                    2
                ],
                "lineMultiplier": 1
            }
        ],
        "events": [
            
        ],
        "roundEnded": false,
        "version": "0.2.2"
    }
}
]]></system-out>
  </testcase>
  <testcase name="testSpin" classname="com.skywind.qa.test.SpinTest" time="0.183">
    <failure message="1 expectation failed.&#10;JSON path result.totalWin doesn&apos;t match.&#10;Expected: &lt;60&gt;&#10;  Actual: 0&#10;" type="java.lang.AssertionError"><![CDATA[java.lang.AssertionError: 1 expectation failed.
JSON path result.totalWin doesn't match.
Expected: <60>
  Actual: 0

	at sun.reflect.NativeConstructorAccessorImpl.newInstance0(Native Method)
	at sun.reflect.NativeConstructorAccessorImpl.newInstance(NativeConstructorAccessorImpl.java:62)
	at sun.reflect.DelegatingConstructorAccessorImpl.newInstance(DelegatingConstructorAccessorImpl.java:45)
	at java.lang.reflect.Constructor.newInstance(Constructor.java:422)
	at org.codehaus.groovy.reflection.CachedConstructor.invoke(CachedConstructor.java:83)
	at org.codehaus.groovy.reflection.CachedConstructor.doConstructorInvoke(CachedConstructor.java:77)
	at org.codehaus.groovy.runtime.callsite.ConstructorSite$ConstructorSiteNoUnwrap.callConstructor(ConstructorSite.java:84)
	at org.codehaus.groovy.runtime.callsite.AbstractCallSite.callConstructor(AbstractCallSite.java:247)
	at io.restassured.internal.ResponseSpecificationImpl$HamcrestAssertionClosure.validate(ResponseSpecificationImpl.groovy:471)
	at io.restassured.internal.ResponseSpecificationImpl$HamcrestAssertionClosure$validate$1.call(Unknown Source)
	at io.restassured.internal.ResponseSpecificationImpl.validateResponseIfRequired(ResponseSpecificationImpl.groovy:643)
	at sun.reflect.GeneratedMethodAccessor75.invoke(Unknown Source)
	at sun.reflect.DelegatingMethodAccessorImpl.invoke(DelegatingMethodAccessorImpl.java:43)
	at java.lang.reflect.Method.invoke(Method.java:497)
	at org.codehaus.groovy.runtime.callsite.PogoMetaMethodSite$PogoCachedMethodSiteNoUnwrapNoCoerce.invoke(PogoMetaMethodSite.java:210)
	at org.codehaus.groovy.runtime.callsite.PogoMetaMethodSite.callCurrent(PogoMetaMethodSite.java:59)
	at org.codehaus.groovy.runtime.callsite.AbstractCallSite.callCurrent(AbstractCallSite.java:166)
	at io.restassured.internal.ResponseSpecificationImpl.content(ResponseSpecificationImpl.groovy:265)
	at io.restassured.specification.ResponseSpecification$content$1.callCurrent(Unknown Source)
	at io.restassured.internal.ResponseSpecificationImpl.body(ResponseSpecificationImpl.groovy:248)
	at io.restassured.internal.ValidatableResponseOptionsImpl.body(ValidatableResponseOptionsImpl.java:268)
	at com.skywind.qa.test.SpinTest.testSpin(SpinTest.java:82)
]]></failure>
    <system-out><![CDATA[Spin{description='Theme3x3', combinations='26,23,4,6,25', totalWin=60}
eyJhbGciOiJIUzUxMiIsInR5cCI6IkpXVCJ9.eyJzZXNzaW9uSWQiOjY1ODk0OSwiaWQiOiJnYW1lczpjb250ZXh0OjE6dW5kZWZpbmVkOnN3X2drOndlYiIsImdhbWVNb2RlIjoiZnVuIiwiaWF0IjoxNTExMTk0NTIxLCJpc3MiOiJza3l3aW5kZ3JvdXAifQ.bVR9T2pD6mcnFRWT8WGcQPRQlUdeJWl3Z5kLEXn-TqQv4HL2k5uz0YOIcnBRx-dLRxx-vV6MMQDaRMKYyHyRNQ
Request method:	POST
Request URI:	http://api.cd2.d.skywind-tech.com:4001/casino/game2
Proxy:			<none>
Request params:	<none>
Query params:	<none>
Form params:	<none>
Path params:	<none>
Headers:		Accept=*/*
				Content-Type=application/json; charset=UTF-8
Cookies:		<none>
Multiparts:		<none>
Body:
{
    "bet": 1,
    "coin": 1,
    "gameSession": "eyJhbGciOiJIUzUxMiIsInR5cCI6IkpXVCJ9.eyJzZXNzaW9uSWQiOjY1ODk0OSwiaWQiOiJnYW1lczpjb250ZXh0OjE6dW5kZWZpbmVkOnN3X2drOndlYiIsImdhbWVNb2RlIjoiZnVuIiwiaWF0IjoxNTExMTk0NTIxLCJpc3MiOiJza3l3aW5kZ3JvdXAifQ.bVR9T2pD6mcnFRWT8WGcQPRQlUdeJWl3Z5kLEXn-TqQv4HL2k5uz0YOIcnBRx-dLRxx-vV6MMQDaRMKYyHyRNQ",
    "lines": 1,
    "request": "spin",
    "positions": [
        26,
        23,
        4,
        6,
        25
    ],
    "requestId": 17
}
HTTP/1.1 200 OK
X-Powered-By: Express
Vary: X-HTTP-Method-Override, Accept-Encoding
Access-Control-Allow-Credentials: true
Access-Control-Allow-Origin: *
Access-Control-Expose-Headers: x-paging-total,x-paging-limit,x-paging-offset
Access-Control-Allow-Methods: GET, POST, OPTIONS
Access-Control-Allow-Headers: DNT,X-ACCESS-TOKEN,Keep-Alive,User-Agent,X-Requested-With,If-Modified-Since,Cache-Control,Content-Type,Check-Sum,Cookie
Access-Control-Max-Age: 1728000
Content-Type: application/json; charset=utf-8
Content-Length: 904
ETag: W/"388-WbxE7JpK/osprR/Z3bm0g519E4w"
Date: Mon, 20 Nov 2017 16:15:25 GMT
Connection: keep-alive

{
    "gameSession": "eyJhbGciOiJIUzUxMiIsInR5cCI6IkpXVCJ9.eyJzZXNzaW9uSWQiOjY1ODk0OSwiaWQiOiJnYW1lczpjb250ZXh0OjE6dW5kZWZpbmVkOnN3X2drOndlYiIsImdhbWVNb2RlIjoiZnVuIiwiaWF0IjoxNTExMTk0NTIxLCJpc3MiOiJza3l3aW5kZ3JvdXAifQ.bVR9T2pD6mcnFRWT8WGcQPRQlUdeJWl3Z5kLEXn-TqQv4HL2k5uz0YOIcnBRx-dLRxx-vV6MMQDaRMKYyHyRNQ",
    "balance": {
        "currency": "USD",
        "amount": 20385,
        "real": {
            "amount": 20385
        },
        "bonus": {
            "amount": 0
        }
    },
    "result": {
        "request": "spin",
        "stake": {
            "lines": 1,
            "bet": 1,
            "coin": 1
        },
        "totalBet": 0,
        "totalWin": 0,
        "scene": "freeSpins",
        "multiplier": 3,
        "state": {
            "currentScene": "freeSpins",
            "multiplier": 3,
            "collapsingWin": 80,
            "collapsingCount": 0,
            "isReSpin": false,
            "freeSpinsWin": 1034,
            "freeSpinsCount": 6,
            "initialFreeSpinWin": 0,
            "initialFreeSpinsCount": 15,
            "totalFreeSpinsCount": 15
        },
        "reels": {
            "set": "freeSpins",
            "positions": [
                11,
                20,
                19,
                28,
                27
            ],
            "view": [
                [
                    4,
                    8,
                    2,
                    4,
                    7
                ],
                [
                    4,
                    2,
                    9,
                    12,
                    4
                ],
                [
                    8,
                    8,
                    10,
                    10,
                    2
                ]
            ]
        },
        "rewards": [
            
        ],
        "events": [
            
        ],
        "roundEnded": false,
        "version": "0.2.2"
    }
}
]]></system-out>
  </testcase>
  <testcase name="testSpin" classname="com.skywind.qa.test.SpinTest" time="0.233">
    <failure message="1 expectation failed.&#10;JSON path result.totalWin doesn&apos;t match.&#10;Expected: &lt;0&gt;&#10;  Actual: 60&#10;" type="java.lang.AssertionError"><![CDATA[java.lang.AssertionError: 1 expectation failed.
JSON path result.totalWin doesn't match.
Expected: <0>
  Actual: 60

	at sun.reflect.NativeConstructorAccessorImpl.newInstance0(Native Method)
	at sun.reflect.NativeConstructorAccessorImpl.newInstance(NativeConstructorAccessorImpl.java:62)
	at sun.reflect.DelegatingConstructorAccessorImpl.newInstance(DelegatingConstructorAccessorImpl.java:45)
	at java.lang.reflect.Constructor.newInstance(Constructor.java:422)
	at org.codehaus.groovy.reflection.CachedConstructor.invoke(CachedConstructor.java:83)
	at org.codehaus.groovy.reflection.CachedConstructor.doConstructorInvoke(CachedConstructor.java:77)
	at org.codehaus.groovy.runtime.callsite.ConstructorSite$ConstructorSiteNoUnwrap.callConstructor(ConstructorSite.java:84)
	at org.codehaus.groovy.runtime.callsite.AbstractCallSite.callConstructor(AbstractCallSite.java:247)
	at io.restassured.internal.ResponseSpecificationImpl$HamcrestAssertionClosure.validate(ResponseSpecificationImpl.groovy:471)
	at io.restassured.internal.ResponseSpecificationImpl$HamcrestAssertionClosure$validate$1.call(Unknown Source)
	at io.restassured.internal.ResponseSpecificationImpl.validateResponseIfRequired(ResponseSpecificationImpl.groovy:643)
	at sun.reflect.GeneratedMethodAccessor75.invoke(Unknown Source)
	at sun.reflect.DelegatingMethodAccessorImpl.invoke(DelegatingMethodAccessorImpl.java:43)
	at java.lang.reflect.Method.invoke(Method.java:497)
	at org.codehaus.groovy.runtime.callsite.PogoMetaMethodSite$PogoCachedMethodSiteNoUnwrapNoCoerce.invoke(PogoMetaMethodSite.java:210)
	at org.codehaus.groovy.runtime.callsite.PogoMetaMethodSite.callCurrent(PogoMetaMethodSite.java:59)
	at org.codehaus.groovy.runtime.callsite.AbstractCallSite.callCurrent(AbstractCallSite.java:166)
	at io.restassured.internal.ResponseSpecificationImpl.content(ResponseSpecificationImpl.groovy:265)
	at io.restassured.specification.ResponseSpecification$content$1.callCurrent(Unknown Source)
	at io.restassured.internal.ResponseSpecificationImpl.body(ResponseSpecificationImpl.groovy:248)
	at io.restassured.internal.ValidatableResponseOptionsImpl.body(ValidatableResponseOptionsImpl.java:268)
	at com.skywind.qa.test.SpinTest.testSpin(SpinTest.java:82)
]]></failure>
    <system-out><![CDATA[Spin{description='SecondTheme3x3', combinations='25,22,3,6,25', totalWin=0}
eyJhbGciOiJIUzUxMiIsInR5cCI6IkpXVCJ9.eyJzZXNzaW9uSWQiOjY1ODk0OSwiaWQiOiJnYW1lczpjb250ZXh0OjE6dW5kZWZpbmVkOnN3X2drOndlYiIsImdhbWVNb2RlIjoiZnVuIiwiaWF0IjoxNTExMTk0NTIxLCJpc3MiOiJza3l3aW5kZ3JvdXAifQ.bVR9T2pD6mcnFRWT8WGcQPRQlUdeJWl3Z5kLEXn-TqQv4HL2k5uz0YOIcnBRx-dLRxx-vV6MMQDaRMKYyHyRNQ
Request method:	POST
Request URI:	http://api.cd2.d.skywind-tech.com:4001/casino/game2
Proxy:			<none>
Request params:	<none>
Query params:	<none>
Form params:	<none>
Path params:	<none>
Headers:		Accept=*/*
				Content-Type=application/json; charset=UTF-8
Cookies:		<none>
Multiparts:		<none>
Body:
{
    "bet": 1,
    "coin": 1,
    "gameSession": "eyJhbGciOiJIUzUxMiIsInR5cCI6IkpXVCJ9.eyJzZXNzaW9uSWQiOjY1ODk0OSwiaWQiOiJnYW1lczpjb250ZXh0OjE6dW5kZWZpbmVkOnN3X2drOndlYiIsImdhbWVNb2RlIjoiZnVuIiwiaWF0IjoxNTExMTk0NTIxLCJpc3MiOiJza3l3aW5kZ3JvdXAifQ.bVR9T2pD6mcnFRWT8WGcQPRQlUdeJWl3Z5kLEXn-TqQv4HL2k5uz0YOIcnBRx-dLRxx-vV6MMQDaRMKYyHyRNQ",
    "lines": 1,
    "request": "spin",
    "positions": [
        25,
        22,
        3,
        6,
        25
    ],
    "requestId": 18
}
HTTP/1.1 200 OK
X-Powered-By: Express
Vary: X-HTTP-Method-Override, Accept-Encoding
Access-Control-Allow-Credentials: true
Access-Control-Allow-Origin: *
Access-Control-Expose-Headers: x-paging-total,x-paging-limit,x-paging-offset
Access-Control-Allow-Methods: GET, POST, OPTIONS
Access-Control-Allow-Headers: DNT,X-ACCESS-TOKEN,Keep-Alive,User-Agent,X-Requested-With,If-Modified-Since,Cache-Control,Content-Type,Check-Sum,Cookie
Access-Control-Max-Age: 1728000
Content-Type: application/json; charset=utf-8
Content-Length: 980
ETag: W/"3d4-NghLOAmQZmjfL5re5jNx+MxypTc"
Date: Mon, 20 Nov 2017 16:15:25 GMT
Connection: keep-alive

{
    "gameSession": "eyJhbGciOiJIUzUxMiIsInR5cCI6IkpXVCJ9.eyJzZXNzaW9uSWQiOjY1ODk0OSwiaWQiOiJnYW1lczpjb250ZXh0OjE6dW5kZWZpbmVkOnN3X2drOndlYiIsImdhbWVNb2RlIjoiZnVuIiwiaWF0IjoxNTExMTk0NTIxLCJpc3MiOiJza3l3aW5kZ3JvdXAifQ.bVR9T2pD6mcnFRWT8WGcQPRQlUdeJWl3Z5kLEXn-TqQv4HL2k5uz0YOIcnBRx-dLRxx-vV6MMQDaRMKYyHyRNQ",
    "balance": {
        "currency": "USD",
        "amount": 20445,
        "real": {
            "amount": 20445
        },
        "bonus": {
            "amount": 0
        }
    },
    "result": {
        "request": "spin",
        "stake": {
            "lines": 1,
            "bet": 1,
            "coin": 1
        },
        "totalBet": 0,
        "totalWin": 60,
        "scene": "freeSpins",
        "multiplier": 1,
        "state": {
            "currentScene": "freeSpins",
            "multiplier": 1,
            "collapsingWin": 60,
            "collapsingCount": 1,
            "isReSpin": true,
            "freeSpinsWin": 1094,
            "freeSpinsCount": 6,
            "initialFreeSpinWin": 0,
            "initialFreeSpinsCount": 15,
            "totalFreeSpinsCount": 15
        },
        "reels": {
            "set": "freeSpins",
            "positions": [
                25,
                22,
                3,
                6,
                25
            ],
            "view": [
                [
                    11,
                    7,
                    11,
                    6,
                    3
                ],
                [
                    3,
                    3,
                    6,
                    4,
                    12
                ],
                [
                    7,
                    8,
                    3,
                    10,
                    7
                ]
            ]
        },
        "rewards": [
            {
                "reward": "line",
                "lineId": 16,
                "payout": 60,
                "paytable": [
                    2,
                    2
                ],
                "lineMultiplier": 1
            }
        ],
        "events": [
            
        ],
        "roundEnded": false,
        "version": "0.2.2"
    }
}
]]></system-out>
  </testcase>
  <testcase name="testSpin" classname="com.skywind.qa.test.SpinTest" time="0.236">
    <failure message="1 expectation failed.&#10;JSON path result.totalWin doesn&apos;t match.&#10;Expected: &lt;150&gt;&#10;  Actual: 70&#10;" type="java.lang.AssertionError"><![CDATA[java.lang.AssertionError: 1 expectation failed.
JSON path result.totalWin doesn't match.
Expected: <150>
  Actual: 70

	at sun.reflect.NativeConstructorAccessorImpl.newInstance0(Native Method)
	at sun.reflect.NativeConstructorAccessorImpl.newInstance(NativeConstructorAccessorImpl.java:62)
	at sun.reflect.DelegatingConstructorAccessorImpl.newInstance(DelegatingConstructorAccessorImpl.java:45)
	at java.lang.reflect.Constructor.newInstance(Constructor.java:422)
	at org.codehaus.groovy.reflection.CachedConstructor.invoke(CachedConstructor.java:83)
	at org.codehaus.groovy.reflection.CachedConstructor.doConstructorInvoke(CachedConstructor.java:77)
	at org.codehaus.groovy.runtime.callsite.ConstructorSite$ConstructorSiteNoUnwrap.callConstructor(ConstructorSite.java:84)
	at org.codehaus.groovy.runtime.callsite.AbstractCallSite.callConstructor(AbstractCallSite.java:247)
	at io.restassured.internal.ResponseSpecificationImpl$HamcrestAssertionClosure.validate(ResponseSpecificationImpl.groovy:471)
	at io.restassured.internal.ResponseSpecificationImpl$HamcrestAssertionClosure$validate$1.call(Unknown Source)
	at io.restassured.internal.ResponseSpecificationImpl.validateResponseIfRequired(ResponseSpecificationImpl.groovy:643)
	at sun.reflect.GeneratedMethodAccessor75.invoke(Unknown Source)
	at sun.reflect.DelegatingMethodAccessorImpl.invoke(DelegatingMethodAccessorImpl.java:43)
	at java.lang.reflect.Method.invoke(Method.java:497)
	at org.codehaus.groovy.runtime.callsite.PogoMetaMethodSite$PogoCachedMethodSiteNoUnwrapNoCoerce.invoke(PogoMetaMethodSite.java:210)
	at org.codehaus.groovy.runtime.callsite.PogoMetaMethodSite.callCurrent(PogoMetaMethodSite.java:59)
	at org.codehaus.groovy.runtime.callsite.AbstractCallSite.callCurrent(AbstractCallSite.java:166)
	at io.restassured.internal.ResponseSpecificationImpl.content(ResponseSpecificationImpl.groovy:265)
	at io.restassured.specification.ResponseSpecification$content$1.callCurrent(Unknown Source)
	at io.restassured.internal.ResponseSpecificationImpl.body(ResponseSpecificationImpl.groovy:248)
	at io.restassured.internal.ValidatableResponseOptionsImpl.body(ValidatableResponseOptionsImpl.java:268)
	at com.skywind.qa.test.SpinTest.testSpin(SpinTest.java:82)
]]></failure>
    <system-out><![CDATA[Spin{description='Theme4x5', combinations='28,28,30,5,28', totalWin=150}
eyJhbGciOiJIUzUxMiIsInR5cCI6IkpXVCJ9.eyJzZXNzaW9uSWQiOjY1ODk0OSwiaWQiOiJnYW1lczpjb250ZXh0OjE6dW5kZWZpbmVkOnN3X2drOndlYiIsImdhbWVNb2RlIjoiZnVuIiwiaWF0IjoxNTExMTk0NTIxLCJpc3MiOiJza3l3aW5kZ3JvdXAifQ.bVR9T2pD6mcnFRWT8WGcQPRQlUdeJWl3Z5kLEXn-TqQv4HL2k5uz0YOIcnBRx-dLRxx-vV6MMQDaRMKYyHyRNQ
Request method:	POST
Request URI:	http://api.cd2.d.skywind-tech.com:4001/casino/game2
Proxy:			<none>
Request params:	<none>
Query params:	<none>
Form params:	<none>
Path params:	<none>
Headers:		Accept=*/*
				Content-Type=application/json; charset=UTF-8
Cookies:		<none>
Multiparts:		<none>
Body:
{
    "bet": 1,
    "coin": 1,
    "gameSession": "eyJhbGciOiJIUzUxMiIsInR5cCI6IkpXVCJ9.eyJzZXNzaW9uSWQiOjY1ODk0OSwiaWQiOiJnYW1lczpjb250ZXh0OjE6dW5kZWZpbmVkOnN3X2drOndlYiIsImdhbWVNb2RlIjoiZnVuIiwiaWF0IjoxNTExMTk0NTIxLCJpc3MiOiJza3l3aW5kZ3JvdXAifQ.bVR9T2pD6mcnFRWT8WGcQPRQlUdeJWl3Z5kLEXn-TqQv4HL2k5uz0YOIcnBRx-dLRxx-vV6MMQDaRMKYyHyRNQ",
    "lines": 1,
    "request": "spin",
    "positions": [
        28,
        28,
        30,
        5,
        28
    ],
    "requestId": 19
}
HTTP/1.1 200 OK
X-Powered-By: Express
Vary: X-HTTP-Method-Override, Accept-Encoding
Access-Control-Allow-Credentials: true
Access-Control-Allow-Origin: *
Access-Control-Expose-Headers: x-paging-total,x-paging-limit,x-paging-offset
Access-Control-Allow-Methods: GET, POST, OPTIONS
Access-Control-Allow-Headers: DNT,X-ACCESS-TOKEN,Keep-Alive,User-Agent,X-Requested-With,If-Modified-Since,Cache-Control,Content-Type,Check-Sum,Cookie
Access-Control-Max-Age: 1728000
Content-Type: application/json; charset=utf-8
ETag: W/"421-kSCKWeGRwyWx8krm9mr42DLL4zI"
Content-Encoding: gzip
Date: Mon, 20 Nov 2017 16:15:25 GMT
Connection: keep-alive
Transfer-Encoding: chunked

{
    "gameSession": "eyJhbGciOiJIUzUxMiIsInR5cCI6IkpXVCJ9.eyJzZXNzaW9uSWQiOjY1ODk0OSwiaWQiOiJnYW1lczpjb250ZXh0OjE6dW5kZWZpbmVkOnN3X2drOndlYiIsImdhbWVNb2RlIjoiZnVuIiwiaWF0IjoxNTExMTk0NTIxLCJpc3MiOiJza3l3aW5kZ3JvdXAifQ.bVR9T2pD6mcnFRWT8WGcQPRQlUdeJWl3Z5kLEXn-TqQv4HL2k5uz0YOIcnBRx-dLRxx-vV6MMQDaRMKYyHyRNQ",
    "balance": {
        "currency": "USD",
        "amount": 20515,
        "real": {
            "amount": 20515
        },
        "bonus": {
            "amount": 0
        }
    },
    "result": {
        "request": "spin",
        "stake": {
            "lines": 1,
            "bet": 1,
            "coin": 1
        },
        "totalBet": 0,
        "totalWin": 70,
        "scene": "freeSpins",
        "multiplier": 2,
        "state": {
            "currentScene": "freeSpins",
            "multiplier": 2,
            "collapsingWin": 130,
            "collapsingCount": 2,
            "isReSpin": true,
            "freeSpinsWin": 1164,
            "freeSpinsCount": 6,
            "initialFreeSpinWin": 0,
            "initialFreeSpinsCount": 15,
            "totalFreeSpinsCount": 15
        },
        "reels": {
            "set": "freeSpins",
            "positions": [
                24,
                21,
                2,
                6,
                25
            ],
            "view": [
                [
                    12,
                    2,
                    7,
                    6,
                    3
                ],
                [
                    11,
                    7,
                    11,
                    4,
                    12
                ],
                [
                    7,
                    8,
                    6,
                    10,
                    7
                ]
            ]
        },
        "rewards": [
            {
                "reward": "line",
                "lineId": 4,
                "payout": 20,
                "paytable": [
                    5,
                    2
                ],
                "lineMultiplier": 1
            },
            {
                "reward": "scatter",
                "positions": [
                    [
                        0,
                        0
                    ],
                    [
                        1,
                        4
                    ]
                ],
                "payout": 50,
                "paytable": [
                    9,
                    1
                ]
            }
        ],
        "events": [
            
        ],
        "roundEnded": false,
        "version": "0.2.2"
    }
}
]]></system-out>
  </testcase>
  <testcase name="testSpin" classname="com.skywind.qa.test.SpinTest" time="0.231">
    <failure message="1 expectation failed.&#10;JSON path result.totalWin doesn&apos;t match.&#10;Expected: &lt;0&gt;&#10;  Actual: 48&#10;" type="java.lang.AssertionError"><![CDATA[java.lang.AssertionError: 1 expectation failed.
JSON path result.totalWin doesn't match.
Expected: <0>
  Actual: 48

	at sun.reflect.NativeConstructorAccessorImpl.newInstance0(Native Method)
	at sun.reflect.NativeConstructorAccessorImpl.newInstance(NativeConstructorAccessorImpl.java:62)
	at sun.reflect.DelegatingConstructorAccessorImpl.newInstance(DelegatingConstructorAccessorImpl.java:45)
	at java.lang.reflect.Constructor.newInstance(Constructor.java:422)
	at org.codehaus.groovy.reflection.CachedConstructor.invoke(CachedConstructor.java:83)
	at org.codehaus.groovy.reflection.CachedConstructor.doConstructorInvoke(CachedConstructor.java:77)
	at org.codehaus.groovy.runtime.callsite.ConstructorSite$ConstructorSiteNoUnwrap.callConstructor(ConstructorSite.java:84)
	at org.codehaus.groovy.runtime.callsite.AbstractCallSite.callConstructor(AbstractCallSite.java:247)
	at io.restassured.internal.ResponseSpecificationImpl$HamcrestAssertionClosure.validate(ResponseSpecificationImpl.groovy:471)
	at io.restassured.internal.ResponseSpecificationImpl$HamcrestAssertionClosure$validate$1.call(Unknown Source)
	at io.restassured.internal.ResponseSpecificationImpl.validateResponseIfRequired(ResponseSpecificationImpl.groovy:643)
	at sun.reflect.GeneratedMethodAccessor75.invoke(Unknown Source)
	at sun.reflect.DelegatingMethodAccessorImpl.invoke(DelegatingMethodAccessorImpl.java:43)
	at java.lang.reflect.Method.invoke(Method.java:497)
	at org.codehaus.groovy.runtime.callsite.PogoMetaMethodSite$PogoCachedMethodSiteNoUnwrapNoCoerce.invoke(PogoMetaMethodSite.java:210)
	at org.codehaus.groovy.runtime.callsite.PogoMetaMethodSite.callCurrent(PogoMetaMethodSite.java:59)
	at org.codehaus.groovy.runtime.callsite.AbstractCallSite.callCurrent(AbstractCallSite.java:166)
	at io.restassured.internal.ResponseSpecificationImpl.content(ResponseSpecificationImpl.groovy:265)
	at io.restassured.specification.ResponseSpecification$content$1.callCurrent(Unknown Source)
	at io.restassured.internal.ResponseSpecificationImpl.body(ResponseSpecificationImpl.groovy:248)
	at io.restassured.internal.ValidatableResponseOptionsImpl.body(ValidatableResponseOptionsImpl.java:268)
	at com.skywind.qa.test.SpinTest.testSpin(SpinTest.java:82)
]]></failure>
    <system-out><![CDATA[Spin{description='SecondTheme4x5', combinations='27,27,29,4,27', totalWin=0}
eyJhbGciOiJIUzUxMiIsInR5cCI6IkpXVCJ9.eyJzZXNzaW9uSWQiOjY1ODk0OSwiaWQiOiJnYW1lczpjb250ZXh0OjE6dW5kZWZpbmVkOnN3X2drOndlYiIsImdhbWVNb2RlIjoiZnVuIiwiaWF0IjoxNTExMTk0NTIxLCJpc3MiOiJza3l3aW5kZ3JvdXAifQ.bVR9T2pD6mcnFRWT8WGcQPRQlUdeJWl3Z5kLEXn-TqQv4HL2k5uz0YOIcnBRx-dLRxx-vV6MMQDaRMKYyHyRNQ
Request method:	POST
Request URI:	http://api.cd2.d.skywind-tech.com:4001/casino/game2
Proxy:			<none>
Request params:	<none>
Query params:	<none>
Form params:	<none>
Path params:	<none>
Headers:		Accept=*/*
				Content-Type=application/json; charset=UTF-8
Cookies:		<none>
Multiparts:		<none>
Body:
{
    "bet": 1,
    "coin": 1,
    "gameSession": "eyJhbGciOiJIUzUxMiIsInR5cCI6IkpXVCJ9.eyJzZXNzaW9uSWQiOjY1ODk0OSwiaWQiOiJnYW1lczpjb250ZXh0OjE6dW5kZWZpbmVkOnN3X2drOndlYiIsImdhbWVNb2RlIjoiZnVuIiwiaWF0IjoxNTExMTk0NTIxLCJpc3MiOiJza3l3aW5kZ3JvdXAifQ.bVR9T2pD6mcnFRWT8WGcQPRQlUdeJWl3Z5kLEXn-TqQv4HL2k5uz0YOIcnBRx-dLRxx-vV6MMQDaRMKYyHyRNQ",
    "lines": 1,
    "request": "spin",
    "positions": [
        27,
        27,
        29,
        4,
        27
    ],
    "requestId": 20
}
HTTP/1.1 200 OK
X-Powered-By: Express
Vary: X-HTTP-Method-Override, Accept-Encoding
Access-Control-Allow-Credentials: true
Access-Control-Allow-Origin: *
Access-Control-Expose-Headers: x-paging-total,x-paging-limit,x-paging-offset
Access-Control-Allow-Methods: GET, POST, OPTIONS
Access-Control-Allow-Headers: DNT,X-ACCESS-TOKEN,Keep-Alive,User-Agent,X-Requested-With,If-Modified-Since,Cache-Control,Content-Type,Check-Sum,Cookie
Access-Control-Max-Age: 1728000
Content-Type: application/json; charset=utf-8
ETag: W/"422-KldC840XWq4qFZB3dIYkYWzEV0E"
Content-Encoding: gzip
Date: Mon, 20 Nov 2017 16:15:26 GMT
Connection: keep-alive
Transfer-Encoding: chunked

{
    "gameSession": "eyJhbGciOiJIUzUxMiIsInR5cCI6IkpXVCJ9.eyJzZXNzaW9uSWQiOjY1ODk0OSwiaWQiOiJnYW1lczpjb250ZXh0OjE6dW5kZWZpbmVkOnN3X2drOndlYiIsImdhbWVNb2RlIjoiZnVuIiwiaWF0IjoxNTExMTk0NTIxLCJpc3MiOiJza3l3aW5kZ3JvdXAifQ.bVR9T2pD6mcnFRWT8WGcQPRQlUdeJWl3Z5kLEXn-TqQv4HL2k5uz0YOIcnBRx-dLRxx-vV6MMQDaRMKYyHyRNQ",
    "balance": {
        "currency": "USD",
        "amount": 20563,
        "real": {
            "amount": 20563
        },
        "bonus": {
            "amount": 0
        }
    },
    "result": {
        "request": "spin",
        "stake": {
            "lines": 1,
            "bet": 1,
            "coin": 1
        },
        "totalBet": 0,
        "totalWin": 48,
        "scene": "freeSpins",
        "multiplier": 3,
        "state": {
            "currentScene": "freeSpins",
            "multiplier": 3,
            "collapsingWin": 178,
            "collapsingCount": 3,
            "isReSpin": true,
            "freeSpinsWin": 1212,
            "freeSpinsCount": 6,
            "initialFreeSpinWin": 0,
            "initialFreeSpinsCount": 15,
            "totalFreeSpinsCount": 15
        },
        "reels": {
            "set": "freeSpins",
            "positions": [
                22,
                20,
                1,
                6,
                24
            ],
            "view": [
                [
                    8,
                    8,
                    8,
                    6,
                    10
                ],
                [
                    9,
                    2,
                    11,
                    4,
                    3
                ],
                [
                    11,
                    8,
                    6,
                    10,
                    7
                ]
            ]
        },
        "rewards": [
            {
                "reward": "line",
                "lineId": 1,
                "payout": 24,
                "paytable": [
                    6,
                    2
                ],
                "lineMultiplier": 1
            },
            {
                "reward": "line",
                "lineId": 19,
                "payout": 24,
                "paytable": [
                    6,
                    2
                ],
                "lineMultiplier": 1
            }
        ],
        "events": [
            
        ],
        "roundEnded": false,
        "version": "0.2.2"
    }
}
]]></system-out>
  </testcase>
  <testcase name="testSpin" classname="com.skywind.qa.test.SpinTest" time="0.157">
    <failure message="1 expectation failed.&#10;JSON path result.totalWin doesn&apos;t match.&#10;Expected: &lt;80&gt;&#10;  Actual: 0&#10;" type="java.lang.AssertionError"><![CDATA[java.lang.AssertionError: 1 expectation failed.
JSON path result.totalWin doesn't match.
Expected: <80>
  Actual: 0

	at sun.reflect.NativeConstructorAccessorImpl.newInstance0(Native Method)
	at sun.reflect.NativeConstructorAccessorImpl.newInstance(NativeConstructorAccessorImpl.java:62)
	at sun.reflect.DelegatingConstructorAccessorImpl.newInstance(DelegatingConstructorAccessorImpl.java:45)
	at java.lang.reflect.Constructor.newInstance(Constructor.java:422)
	at org.codehaus.groovy.reflection.CachedConstructor.invoke(CachedConstructor.java:83)
	at org.codehaus.groovy.reflection.CachedConstructor.doConstructorInvoke(CachedConstructor.java:77)
	at org.codehaus.groovy.runtime.callsite.ConstructorSite$ConstructorSiteNoUnwrap.callConstructor(ConstructorSite.java:84)
	at org.codehaus.groovy.runtime.callsite.AbstractCallSite.callConstructor(AbstractCallSite.java:247)
	at io.restassured.internal.ResponseSpecificationImpl$HamcrestAssertionClosure.validate(ResponseSpecificationImpl.groovy:471)
	at io.restassured.internal.ResponseSpecificationImpl$HamcrestAssertionClosure$validate$1.call(Unknown Source)
	at io.restassured.internal.ResponseSpecificationImpl.validateResponseIfRequired(ResponseSpecificationImpl.groovy:643)
	at sun.reflect.GeneratedMethodAccessor75.invoke(Unknown Source)
	at sun.reflect.DelegatingMethodAccessorImpl.invoke(DelegatingMethodAccessorImpl.java:43)
	at java.lang.reflect.Method.invoke(Method.java:497)
	at org.codehaus.groovy.runtime.callsite.PogoMetaMethodSite$PogoCachedMethodSiteNoUnwrapNoCoerce.invoke(PogoMetaMethodSite.java:210)
	at org.codehaus.groovy.runtime.callsite.PogoMetaMethodSite.callCurrent(PogoMetaMethodSite.java:59)
	at org.codehaus.groovy.runtime.callsite.AbstractCallSite.callCurrent(AbstractCallSite.java:166)
	at io.restassured.internal.ResponseSpecificationImpl.content(ResponseSpecificationImpl.groovy:265)
	at io.restassured.specification.ResponseSpecification$content$1.callCurrent(Unknown Source)
	at io.restassured.internal.ResponseSpecificationImpl.body(ResponseSpecificationImpl.groovy:248)
	at io.restassured.internal.ValidatableResponseOptionsImpl.body(ValidatableResponseOptionsImpl.java:268)
	at com.skywind.qa.test.SpinTest.testSpin(SpinTest.java:82)
]]></failure>
    <system-out><![CDATA[Spin{description='Theme4x4', combinations='32,5,14,23,9', totalWin=80}
eyJhbGciOiJIUzUxMiIsInR5cCI6IkpXVCJ9.eyJzZXNzaW9uSWQiOjY1ODk0OSwiaWQiOiJnYW1lczpjb250ZXh0OjE6dW5kZWZpbmVkOnN3X2drOndlYiIsImdhbWVNb2RlIjoiZnVuIiwiaWF0IjoxNTExMTk0NTIxLCJpc3MiOiJza3l3aW5kZ3JvdXAifQ.bVR9T2pD6mcnFRWT8WGcQPRQlUdeJWl3Z5kLEXn-TqQv4HL2k5uz0YOIcnBRx-dLRxx-vV6MMQDaRMKYyHyRNQ
Request method:	POST
Request URI:	http://api.cd2.d.skywind-tech.com:4001/casino/game2
Proxy:			<none>
Request params:	<none>
Query params:	<none>
Form params:	<none>
Path params:	<none>
Headers:		Accept=*/*
				Content-Type=application/json; charset=UTF-8
Cookies:		<none>
Multiparts:		<none>
Body:
{
    "bet": 1,
    "coin": 1,
    "gameSession": "eyJhbGciOiJIUzUxMiIsInR5cCI6IkpXVCJ9.eyJzZXNzaW9uSWQiOjY1ODk0OSwiaWQiOiJnYW1lczpjb250ZXh0OjE6dW5kZWZpbmVkOnN3X2drOndlYiIsImdhbWVNb2RlIjoiZnVuIiwiaWF0IjoxNTExMTk0NTIxLCJpc3MiOiJza3l3aW5kZ3JvdXAifQ.bVR9T2pD6mcnFRWT8WGcQPRQlUdeJWl3Z5kLEXn-TqQv4HL2k5uz0YOIcnBRx-dLRxx-vV6MMQDaRMKYyHyRNQ",
    "lines": 1,
    "request": "spin",
    "positions": [
        32,
        5,
        14,
        23,
        9
    ],
    "requestId": 21
}
HTTP/1.1 200 OK
X-Powered-By: Express
Vary: X-HTTP-Method-Override, Accept-Encoding
Access-Control-Allow-Credentials: true
Access-Control-Allow-Origin: *
Access-Control-Expose-Headers: x-paging-total,x-paging-limit,x-paging-offset
Access-Control-Allow-Methods: GET, POST, OPTIONS
Access-Control-Allow-Headers: DNT,X-ACCESS-TOKEN,Keep-Alive,User-Agent,X-Requested-With,If-Modified-Since,Cache-Control,Content-Type,Check-Sum,Cookie
Access-Control-Max-Age: 1728000
Content-Type: application/json; charset=utf-8
Content-Length: 905
ETag: W/"389-5zQSRCh6wXRCC7TH1iOMdk1Cdh0"
Date: Mon, 20 Nov 2017 16:15:26 GMT
Connection: keep-alive

{
    "gameSession": "eyJhbGciOiJIUzUxMiIsInR5cCI6IkpXVCJ9.eyJzZXNzaW9uSWQiOjY1ODk0OSwiaWQiOiJnYW1lczpjb250ZXh0OjE6dW5kZWZpbmVkOnN3X2drOndlYiIsImdhbWVNb2RlIjoiZnVuIiwiaWF0IjoxNTExMTk0NTIxLCJpc3MiOiJza3l3aW5kZ3JvdXAifQ.bVR9T2pD6mcnFRWT8WGcQPRQlUdeJWl3Z5kLEXn-TqQv4HL2k5uz0YOIcnBRx-dLRxx-vV6MMQDaRMKYyHyRNQ",
    "balance": {
        "currency": "USD",
        "amount": 20563,
        "real": {
            "amount": 20563
        },
        "bonus": {
            "amount": 0
        }
    },
    "result": {
        "request": "spin",
        "stake": {
            "lines": 1,
            "bet": 1,
            "coin": 1
        },
        "totalBet": 0,
        "totalWin": 0,
        "scene": "freeSpins",
        "multiplier": 4,
        "state": {
            "currentScene": "freeSpins",
            "multiplier": 4,
            "collapsingWin": 178,
            "collapsingCount": 0,
            "isReSpin": false,
            "freeSpinsWin": 1212,
            "freeSpinsCount": 5,
            "initialFreeSpinWin": 0,
            "initialFreeSpinsCount": 15,
            "totalFreeSpinsCount": 15
        },
        "reels": {
            "set": "freeSpins",
            "positions": [
                21,
                18,
                0,
                6,
                24
            ],
            "view": [
                [
                    1,
                    9,
                    6,
                    6,
                    10
                ],
                [
                    9,
                    10,
                    11,
                    4,
                    3
                ],
                [
                    11,
                    2,
                    6,
                    10,
                    7
                ]
            ]
        },
        "rewards": [
            
        ],
        "events": [
            
        ],
        "roundEnded": false,
        "version": "0.2.2"
    }
}
]]></system-out>
  </testcase>
  <testcase name="testSpin" classname="com.skywind.qa.test.SpinTest" time="0.134"/>
  <testcase name="testSpin" classname="com.skywind.qa.test.SpinTest" time="0.24">
    <failure message="1 expectation failed.&#10;JSON path result.totalWin doesn&apos;t match.&#10;Expected: &lt;30&gt;&#10;  Actual: 20&#10;" type="java.lang.AssertionError"><![CDATA[java.lang.AssertionError: 1 expectation failed.
JSON path result.totalWin doesn't match.
Expected: <30>
  Actual: 20

	at sun.reflect.NativeConstructorAccessorImpl.newInstance0(Native Method)
	at sun.reflect.NativeConstructorAccessorImpl.newInstance(NativeConstructorAccessorImpl.java:62)
	at sun.reflect.DelegatingConstructorAccessorImpl.newInstance(DelegatingConstructorAccessorImpl.java:45)
	at java.lang.reflect.Constructor.newInstance(Constructor.java:422)
	at org.codehaus.groovy.reflection.CachedConstructor.invoke(CachedConstructor.java:83)
	at org.codehaus.groovy.reflection.CachedConstructor.doConstructorInvoke(CachedConstructor.java:77)
	at org.codehaus.groovy.runtime.callsite.ConstructorSite$ConstructorSiteNoUnwrap.callConstructor(ConstructorSite.java:84)
	at org.codehaus.groovy.runtime.callsite.AbstractCallSite.callConstructor(AbstractCallSite.java:247)
	at io.restassured.internal.ResponseSpecificationImpl$HamcrestAssertionClosure.validate(ResponseSpecificationImpl.groovy:471)
	at io.restassured.internal.ResponseSpecificationImpl$HamcrestAssertionClosure$validate$1.call(Unknown Source)
	at io.restassured.internal.ResponseSpecificationImpl.validateResponseIfRequired(ResponseSpecificationImpl.groovy:643)
	at sun.reflect.GeneratedMethodAccessor75.invoke(Unknown Source)
	at sun.reflect.DelegatingMethodAccessorImpl.invoke(DelegatingMethodAccessorImpl.java:43)
	at java.lang.reflect.Method.invoke(Method.java:497)
	at org.codehaus.groovy.runtime.callsite.PogoMetaMethodSite$PogoCachedMethodSiteNoUnwrapNoCoerce.invoke(PogoMetaMethodSite.java:210)
	at org.codehaus.groovy.runtime.callsite.PogoMetaMethodSite.callCurrent(PogoMetaMethodSite.java:59)
	at org.codehaus.groovy.runtime.callsite.AbstractCallSite.callCurrent(AbstractCallSite.java:166)
	at io.restassured.internal.ResponseSpecificationImpl.content(ResponseSpecificationImpl.groovy:265)
	at io.restassured.specification.ResponseSpecification$content$1.callCurrent(Unknown Source)
	at io.restassured.internal.ResponseSpecificationImpl.body(ResponseSpecificationImpl.groovy:248)
	at io.restassured.internal.ValidatableResponseOptionsImpl.body(ValidatableResponseOptionsImpl.java:268)
	at com.skywind.qa.test.SpinTest.testSpin(SpinTest.java:82)
]]></failure>
    <system-out><![CDATA[Spin{description='Theme4x3', combinations='0,7,31,16,17', totalWin=30}
eyJhbGciOiJIUzUxMiIsInR5cCI6IkpXVCJ9.eyJzZXNzaW9uSWQiOjY1ODk0OSwiaWQiOiJnYW1lczpjb250ZXh0OjE6dW5kZWZpbmVkOnN3X2drOndlYiIsImdhbWVNb2RlIjoiZnVuIiwiaWF0IjoxNTExMTk0NTIxLCJpc3MiOiJza3l3aW5kZ3JvdXAifQ.bVR9T2pD6mcnFRWT8WGcQPRQlUdeJWl3Z5kLEXn-TqQv4HL2k5uz0YOIcnBRx-dLRxx-vV6MMQDaRMKYyHyRNQ
Request method:	POST
Request URI:	http://api.cd2.d.skywind-tech.com:4001/casino/game2
Proxy:			<none>
Request params:	<none>
Query params:	<none>
Form params:	<none>
Path params:	<none>
Headers:		Accept=*/*
				Content-Type=application/json; charset=UTF-8
Cookies:		<none>
Multiparts:		<none>
Body:
{
    "bet": 1,
    "coin": 1,
    "gameSession": "eyJhbGciOiJIUzUxMiIsInR5cCI6IkpXVCJ9.eyJzZXNzaW9uSWQiOjY1ODk0OSwiaWQiOiJnYW1lczpjb250ZXh0OjE6dW5kZWZpbmVkOnN3X2drOndlYiIsImdhbWVNb2RlIjoiZnVuIiwiaWF0IjoxNTExMTk0NTIxLCJpc3MiOiJza3l3aW5kZ3JvdXAifQ.bVR9T2pD6mcnFRWT8WGcQPRQlUdeJWl3Z5kLEXn-TqQv4HL2k5uz0YOIcnBRx-dLRxx-vV6MMQDaRMKYyHyRNQ",
    "lines": 1,
    "request": "spin",
    "positions": [
        0,
        7,
        31,
        16,
        17
    ],
    "requestId": 23
}
HTTP/1.1 200 OK
X-Powered-By: Express
Vary: X-HTTP-Method-Override, Accept-Encoding
Access-Control-Allow-Credentials: true
Access-Control-Allow-Origin: *
Access-Control-Expose-Headers: x-paging-total,x-paging-limit,x-paging-offset
Access-Control-Allow-Methods: GET, POST, OPTIONS
Access-Control-Allow-Headers: DNT,X-ACCESS-TOKEN,Keep-Alive,User-Agent,X-Requested-With,If-Modified-Since,Cache-Control,Content-Type,Check-Sum,Cookie
Access-Control-Max-Age: 1728000
Content-Type: application/json; charset=utf-8
ETag: W/"4b7-eF1VFgllffJr/Kw2vvTMZSCEhi4"
Content-Encoding: gzip
Date: Mon, 20 Nov 2017 16:15:26 GMT
Connection: keep-alive
Transfer-Encoding: chunked

{
    "gameSession": "eyJhbGciOiJIUzUxMiIsInR5cCI6IkpXVCJ9.eyJzZXNzaW9uSWQiOjY1ODk0OSwiaWQiOiJnYW1lczpjb250ZXh0OjE6dW5kZWZpbmVkOnN3X2drOndlYiIsImdhbWVNb2RlIjoiZnVuIiwiaWF0IjoxNTExMTk0NTIxLCJpc3MiOiJza3l3aW5kZ3JvdXAifQ.bVR9T2pD6mcnFRWT8WGcQPRQlUdeJWl3Z5kLEXn-TqQv4HL2k5uz0YOIcnBRx-dLRxx-vV6MMQDaRMKYyHyRNQ",
    "balance": {
        "currency": "USD",
        "amount": 20583,
        "real": {
            "amount": 20583
        },
        "bonus": {
            "amount": 0
        }
    },
    "result": {
        "request": "spin",
        "stake": {
            "lines": 1,
            "bet": 1,
            "coin": 1
        },
        "totalBet": 0,
        "totalWin": 20,
        "scene": "freeSpins",
        "multiplier": 1,
        "state": {
            "currentScene": "freeSpins",
            "multiplier": 1,
            "collapsingWin": 20,
            "collapsingCount": 1,
            "isReSpin": true,
            "freeSpinsWin": 1232,
            "freeSpinsCount": 4,
            "initialFreeSpinWin": 0,
            "initialFreeSpinsCount": 15,
            "totalFreeSpinsCount": 15
        },
        "reels": {
            "set": "freeSpins",
            "positions": [
                0,
                7,
                31,
                16,
                17
            ],
            "view": [
                [
                    10,
                    4,
                    6,
                    10,
                    4
                ],
                [
                    4,
                    8,
                    8,
                    3,
                    3
                ],
                [
                    8,
                    0,
                    7,
                    9,
                    8
                ]
            ]
        },
        "rewards": [
            {
                "reward": "line",
                "lineId": 6,
                "payout": 8,
                "paytable": [
                    6,
                    2
                ],
                "lineMultiplier": 1
            },
            {
                "reward": "line",
                "lineId": 12,
                "payout": 8,
                "paytable": [
                    6,
                    2
                ],
                "lineMultiplier": 1
            },
            {
                "reward": "line",
                "lineId": 19,
                "payout": 2,
                "paytable": [
                    8,
                    1
                ],
                "lineMultiplier": 1
            },
            {
                "reward": "line",
                "lineId": 23,
                "payout": 2,
                "paytable": [
                    8,
                    1
                ],
                "lineMultiplier": 1
            }
        ],
        "events": [
            
        ],
        "roundEnded": false,
        "version": "0.2.2"
    }
}
]]></system-out>
  </testcase>
  <testcase name="testSpin" classname="com.skywind.qa.test.SpinTest" time="0.182"/>
  <testcase name="testSpin" classname="com.skywind.qa.test.SpinTest" time="0.155">
    <failure message="1 expectation failed.&#10;JSON path result.totalWin doesn&apos;t match.&#10;Expected: &lt;100&gt;&#10;  Actual: 6&#10;" type="java.lang.AssertionError"><![CDATA[java.lang.AssertionError: 1 expectation failed.
JSON path result.totalWin doesn't match.
Expected: <100>
  Actual: 6

	at sun.reflect.NativeConstructorAccessorImpl.newInstance0(Native Method)
	at sun.reflect.NativeConstructorAccessorImpl.newInstance(NativeConstructorAccessorImpl.java:62)
	at sun.reflect.DelegatingConstructorAccessorImpl.newInstance(DelegatingConstructorAccessorImpl.java:45)
	at java.lang.reflect.Constructor.newInstance(Constructor.java:422)
	at org.codehaus.groovy.reflection.CachedConstructor.invoke(CachedConstructor.java:83)
	at org.codehaus.groovy.reflection.CachedConstructor.doConstructorInvoke(CachedConstructor.java:77)
	at org.codehaus.groovy.runtime.callsite.ConstructorSite$ConstructorSiteNoUnwrap.callConstructor(ConstructorSite.java:84)
	at org.codehaus.groovy.runtime.callsite.AbstractCallSite.callConstructor(AbstractCallSite.java:247)
	at io.restassured.internal.ResponseSpecificationImpl$HamcrestAssertionClosure.validate(ResponseSpecificationImpl.groovy:471)
	at io.restassured.internal.ResponseSpecificationImpl$HamcrestAssertionClosure$validate$1.call(Unknown Source)
	at io.restassured.internal.ResponseSpecificationImpl.validateResponseIfRequired(ResponseSpecificationImpl.groovy:643)
	at sun.reflect.GeneratedMethodAccessor75.invoke(Unknown Source)
	at sun.reflect.DelegatingMethodAccessorImpl.invoke(DelegatingMethodAccessorImpl.java:43)
	at java.lang.reflect.Method.invoke(Method.java:497)
	at org.codehaus.groovy.runtime.callsite.PogoMetaMethodSite$PogoCachedMethodSiteNoUnwrapNoCoerce.invoke(PogoMetaMethodSite.java:210)
	at org.codehaus.groovy.runtime.callsite.PogoMetaMethodSite.callCurrent(PogoMetaMethodSite.java:59)
	at org.codehaus.groovy.runtime.callsite.AbstractCallSite.callCurrent(AbstractCallSite.java:166)
	at io.restassured.internal.ResponseSpecificationImpl.content(ResponseSpecificationImpl.groovy:265)
	at io.restassured.specification.ResponseSpecification$content$1.callCurrent(Unknown Source)
	at io.restassured.internal.ResponseSpecificationImpl.body(ResponseSpecificationImpl.groovy:248)
	at io.restassured.internal.ValidatableResponseOptionsImpl.body(ValidatableResponseOptionsImpl.java:268)
	at com.skywind.qa.test.SpinTest.testSpin(SpinTest.java:82)
]]></failure>
    <system-out><![CDATA[Spin{description='Ax5', combinations='22,10,20,6,2', totalWin=100}
eyJhbGciOiJIUzUxMiIsInR5cCI6IkpXVCJ9.eyJzZXNzaW9uSWQiOjY1ODk0OSwiaWQiOiJnYW1lczpjb250ZXh0OjE6dW5kZWZpbmVkOnN3X2drOndlYiIsImdhbWVNb2RlIjoiZnVuIiwiaWF0IjoxNTExMTk0NTIxLCJpc3MiOiJza3l3aW5kZ3JvdXAifQ.bVR9T2pD6mcnFRWT8WGcQPRQlUdeJWl3Z5kLEXn-TqQv4HL2k5uz0YOIcnBRx-dLRxx-vV6MMQDaRMKYyHyRNQ
Request method:	POST
Request URI:	http://api.cd2.d.skywind-tech.com:4001/casino/game2
Proxy:			<none>
Request params:	<none>
Query params:	<none>
Form params:	<none>
Path params:	<none>
Headers:		Accept=*/*
				Content-Type=application/json; charset=UTF-8
Cookies:		<none>
Multiparts:		<none>
Body:
{
    "bet": 1,
    "coin": 1,
    "gameSession": "eyJhbGciOiJIUzUxMiIsInR5cCI6IkpXVCJ9.eyJzZXNzaW9uSWQiOjY1ODk0OSwiaWQiOiJnYW1lczpjb250ZXh0OjE6dW5kZWZpbmVkOnN3X2drOndlYiIsImdhbWVNb2RlIjoiZnVuIiwiaWF0IjoxNTExMTk0NTIxLCJpc3MiOiJza3l3aW5kZ3JvdXAifQ.bVR9T2pD6mcnFRWT8WGcQPRQlUdeJWl3Z5kLEXn-TqQv4HL2k5uz0YOIcnBRx-dLRxx-vV6MMQDaRMKYyHyRNQ",
    "lines": 1,
    "request": "spin",
    "positions": [
        22,
        10,
        20,
        6,
        2
    ],
    "requestId": 25
}
HTTP/1.1 200 OK
X-Powered-By: Express
Vary: X-HTTP-Method-Override, Accept-Encoding
Access-Control-Allow-Credentials: true
Access-Control-Allow-Origin: *
Access-Control-Expose-Headers: x-paging-total,x-paging-limit,x-paging-offset
Access-Control-Allow-Methods: GET, POST, OPTIONS
Access-Control-Allow-Headers: DNT,X-ACCESS-TOKEN,Keep-Alive,User-Agent,X-Requested-With,If-Modified-Since,Cache-Control,Content-Type,Check-Sum,Cookie
Access-Control-Max-Age: 1728000
Content-Type: application/json; charset=utf-8
Content-Length: 976
ETag: W/"3d0-JG6XK/wyCYXBHFe2KsmidQOVlKs"
Date: Mon, 20 Nov 2017 16:15:27 GMT
Connection: keep-alive

{
    "gameSession": "eyJhbGciOiJIUzUxMiIsInR5cCI6IkpXVCJ9.eyJzZXNzaW9uSWQiOjY1ODk0OSwiaWQiOiJnYW1lczpjb250ZXh0OjE6dW5kZWZpbmVkOnN3X2drOndlYiIsImdhbWVNb2RlIjoiZnVuIiwiaWF0IjoxNTExMTk0NTIxLCJpc3MiOiJza3l3aW5kZ3JvdXAifQ.bVR9T2pD6mcnFRWT8WGcQPRQlUdeJWl3Z5kLEXn-TqQv4HL2k5uz0YOIcnBRx-dLRxx-vV6MMQDaRMKYyHyRNQ",
    "balance": {
        "currency": "USD",
        "amount": 20589,
        "real": {
            "amount": 20589
        },
        "bonus": {
            "amount": 0
        }
    },
    "result": {
        "request": "spin",
        "stake": {
            "lines": 1,
            "bet": 1,
            "coin": 1
        },
        "totalBet": 0,
        "totalWin": 6,
        "scene": "freeSpins",
        "multiplier": 1,
        "state": {
            "currentScene": "freeSpins",
            "multiplier": 1,
            "collapsingWin": 6,
            "collapsingCount": 1,
            "isReSpin": true,
            "freeSpinsWin": 1238,
            "freeSpinsCount": 3,
            "initialFreeSpinWin": 0,
            "initialFreeSpinsCount": 15,
            "totalFreeSpinsCount": 15
        },
        "reels": {
            "set": "freeSpins",
            "positions": [
                22,
                10,
                20,
                6,
                2
            ],
            "view": [
                [
                    8,
                    11,
                    7,
                    6,
                    8
                ],
                [
                    9,
                    6,
                    3,
                    4,
                    9
                ],
                [
                    12,
                    0,
                    9,
                    10,
                    6
                ]
            ]
        },
        "rewards": [
            {
                "reward": "line",
                "lineId": 10,
                "payout": 6,
                "paytable": [
                    7,
                    2
                ],
                "lineMultiplier": 1
            }
        ],
        "events": [
            
        ],
        "roundEnded": false,
        "version": "0.2.2"
    }
}
]]></system-out>
  </testcase>
  <testcase name="testSpin" classname="com.skywind.qa.test.SpinTest" time="0.13"/>
  <testcase name="testSpin" classname="com.skywind.qa.test.SpinTest" time="0.161">
    <failure message="1 expectation failed.&#10;JSON path result.totalWin doesn&apos;t match.&#10;Expected: &lt;45&gt;&#10;  Actual: 0&#10;" type="java.lang.AssertionError"><![CDATA[java.lang.AssertionError: 1 expectation failed.
JSON path result.totalWin doesn't match.
Expected: <45>
  Actual: 0

	at sun.reflect.GeneratedConstructorAccessor69.newInstance(Unknown Source)
	at sun.reflect.DelegatingConstructorAccessorImpl.newInstance(DelegatingConstructorAccessorImpl.java:45)
	at java.lang.reflect.Constructor.newInstance(Constructor.java:422)
	at org.codehaus.groovy.reflection.CachedConstructor.invoke(CachedConstructor.java:83)
	at org.codehaus.groovy.reflection.CachedConstructor.doConstructorInvoke(CachedConstructor.java:77)
	at org.codehaus.groovy.runtime.callsite.ConstructorSite$ConstructorSiteNoUnwrap.callConstructor(ConstructorSite.java:84)
	at org.codehaus.groovy.runtime.callsite.AbstractCallSite.callConstructor(AbstractCallSite.java:247)
	at io.restassured.internal.ResponseSpecificationImpl$HamcrestAssertionClosure.validate(ResponseSpecificationImpl.groovy:471)
	at io.restassured.internal.ResponseSpecificationImpl$HamcrestAssertionClosure$validate$1.call(Unknown Source)
	at io.restassured.internal.ResponseSpecificationImpl.validateResponseIfRequired(ResponseSpecificationImpl.groovy:643)
	at sun.reflect.GeneratedMethodAccessor75.invoke(Unknown Source)
	at sun.reflect.DelegatingMethodAccessorImpl.invoke(DelegatingMethodAccessorImpl.java:43)
	at java.lang.reflect.Method.invoke(Method.java:497)
	at org.codehaus.groovy.runtime.callsite.PogoMetaMethodSite$PogoCachedMethodSiteNoUnwrapNoCoerce.invoke(PogoMetaMethodSite.java:210)
	at org.codehaus.groovy.runtime.callsite.PogoMetaMethodSite.callCurrent(PogoMetaMethodSite.java:59)
	at org.codehaus.groovy.runtime.callsite.AbstractCallSite.callCurrent(AbstractCallSite.java:166)
	at io.restassured.internal.ResponseSpecificationImpl.content(ResponseSpecificationImpl.groovy:265)
	at io.restassured.specification.ResponseSpecification$content$1.callCurrent(Unknown Source)
	at io.restassured.internal.ResponseSpecificationImpl.body(ResponseSpecificationImpl.groovy:248)
	at io.restassured.internal.ValidatableResponseOptionsImpl.body(ValidatableResponseOptionsImpl.java:268)
	at com.skywind.qa.test.SpinTest.testSpin(SpinTest.java:82)
]]></failure>
    <system-out><![CDATA[Spin{description='Ax4', combinations='7,25,32,7,27', totalWin=45}
eyJhbGciOiJIUzUxMiIsInR5cCI6IkpXVCJ9.eyJzZXNzaW9uSWQiOjY1ODk0OSwiaWQiOiJnYW1lczpjb250ZXh0OjE6dW5kZWZpbmVkOnN3X2drOndlYiIsImdhbWVNb2RlIjoiZnVuIiwiaWF0IjoxNTExMTk0NTIxLCJpc3MiOiJza3l3aW5kZ3JvdXAifQ.bVR9T2pD6mcnFRWT8WGcQPRQlUdeJWl3Z5kLEXn-TqQv4HL2k5uz0YOIcnBRx-dLRxx-vV6MMQDaRMKYyHyRNQ
Request method:	POST
Request URI:	http://api.cd2.d.skywind-tech.com:4001/casino/game2
Proxy:			<none>
Request params:	<none>
Query params:	<none>
Form params:	<none>
Path params:	<none>
Headers:		Accept=*/*
				Content-Type=application/json; charset=UTF-8
Cookies:		<none>
Multiparts:		<none>
Body:
{
    "bet": 1,
    "coin": 1,
    "gameSession": "eyJhbGciOiJIUzUxMiIsInR5cCI6IkpXVCJ9.eyJzZXNzaW9uSWQiOjY1ODk0OSwiaWQiOiJnYW1lczpjb250ZXh0OjE6dW5kZWZpbmVkOnN3X2drOndlYiIsImdhbWVNb2RlIjoiZnVuIiwiaWF0IjoxNTExMTk0NTIxLCJpc3MiOiJza3l3aW5kZ3JvdXAifQ.bVR9T2pD6mcnFRWT8WGcQPRQlUdeJWl3Z5kLEXn-TqQv4HL2k5uz0YOIcnBRx-dLRxx-vV6MMQDaRMKYyHyRNQ",
    "lines": 1,
    "request": "spin",
    "positions": [
        7,
        25,
        32,
        7,
        27
    ],
    "requestId": 27
}
HTTP/1.1 200 OK
X-Powered-By: Express
Vary: X-HTTP-Method-Override, Accept-Encoding
Access-Control-Allow-Credentials: true
Access-Control-Allow-Origin: *
Access-Control-Expose-Headers: x-paging-total,x-paging-limit,x-paging-offset
Access-Control-Allow-Methods: GET, POST, OPTIONS
Access-Control-Allow-Headers: DNT,X-ACCESS-TOKEN,Keep-Alive,User-Agent,X-Requested-With,If-Modified-Since,Cache-Control,Content-Type,Check-Sum,Cookie
Access-Control-Max-Age: 1728000
Content-Type: application/json; charset=utf-8
Content-Length: 901
ETag: W/"385-5ueONV6jb4x4xQ4Y5MGaRjjlwvE"
Date: Mon, 20 Nov 2017 16:15:27 GMT
Connection: keep-alive

{
    "gameSession": "eyJhbGciOiJIUzUxMiIsInR5cCI6IkpXVCJ9.eyJzZXNzaW9uSWQiOjY1ODk0OSwiaWQiOiJnYW1lczpjb250ZXh0OjE6dW5kZWZpbmVkOnN3X2drOndlYiIsImdhbWVNb2RlIjoiZnVuIiwiaWF0IjoxNTExMTk0NTIxLCJpc3MiOiJza3l3aW5kZ3JvdXAifQ.bVR9T2pD6mcnFRWT8WGcQPRQlUdeJWl3Z5kLEXn-TqQv4HL2k5uz0YOIcnBRx-dLRxx-vV6MMQDaRMKYyHyRNQ",
    "balance": {
        "currency": "USD",
        "amount": 20589,
        "real": {
            "amount": 20589
        },
        "bonus": {
            "amount": 0
        }
    },
    "result": {
        "request": "spin",
        "stake": {
            "lines": 1,
            "bet": 1,
            "coin": 1
        },
        "totalBet": 0,
        "totalWin": 0,
        "scene": "freeSpins",
        "multiplier": 1,
        "state": {
            "currentScene": "freeSpins",
            "multiplier": 1,
            "collapsingWin": 0,
            "collapsingCount": 0,
            "isReSpin": false,
            "freeSpinsWin": 1238,
            "freeSpinsCount": 1,
            "initialFreeSpinWin": 0,
            "initialFreeSpinsCount": 15,
            "totalFreeSpinsCount": 15
        },
        "reels": {
            "set": "freeSpins",
            "positions": [
                7,
                25,
                32,
                7,
                27
            ],
            "view": [
                [
                    2,
                    1,
                    8,
                    4,
                    7
                ],
                [
                    6,
                    9,
                    7,
                    10,
                    4
                ],
                [
                    11,
                    6,
                    11,
                    1,
                    2
                ]
            ]
        },
        "rewards": [
            
        ],
        "events": [
            
        ],
        "roundEnded": false,
        "version": "0.2.2"
    }
}
]]></system-out>
  </testcase>
  <testcase name="testSpin" classname="com.skywind.qa.test.SpinTest" time="0.188"/>
  <testcase name="testSpin" classname="com.skywind.qa.test.SpinTest" time="0.137"/>
  <testcase name="testSpin" classname="com.skywind.qa.test.SpinTest" time="0.138"/>
  <testcase name="testSpin" classname="com.skywind.qa.test.SpinTest" time="0.177"/>
  <testcase name="testSpin" classname="com.skywind.qa.test.SpinTest" time="0.137"/>
  <testcase name="testSpin" classname="com.skywind.qa.test.SpinTest" time="0.133"/>
  <testcase name="testSpin" classname="com.skywind.qa.test.SpinTest" time="0.18"/>
  <testcase name="testSpin" classname="com.skywind.qa.test.SpinTest" time="0.161"/>
  <testcase name="testSpin" classname="com.skywind.qa.test.SpinTest" time="0.195"/>
  <testcase name="testSpin" classname="com.skywind.qa.test.SpinTest" time="0.166"/>
  <testcase name="testSpin" classname="com.skywind.qa.test.SpinTest" time="0.187"/>
  <testcase name="testSpin" classname="com.skywind.qa.test.SpinTest" time="0.174"/>
  <testcase name="testSpin" classname="com.skywind.qa.test.SpinTest" time="0.147"/>
  <testcase name="testSpin" classname="com.skywind.qa.test.SpinTest" time="0.137"/>
  <testcase name="testSpin" classname="com.skywind.qa.test.SpinTest" time="0.144"/>
  <testcase name="testSpin" classname="com.skywind.qa.test.SpinTest" time="0.154"/>
  <testcase name="testSpin" classname="com.skywind.qa.test.SpinTest" time="0.189"/>
  <testcase name="testSpin" classname="com.skywind.qa.test.SpinTest" time="0.149"/>
  <testcase name="testSpin" classname="com.skywind.qa.test.SpinTest" time="0.202"/>
  <testcase name="testSpin" classname="com.skywind.qa.test.SpinTest" time="0.123"/>
  <testcase name="testSpin" classname="com.skywind.qa.test.SpinTest" time="0.137"/>
  <testcase name="testSpin" classname="com.skywind.qa.test.SpinTest" time="0.217"/>
  <testcase name="testSpin" classname="com.skywind.qa.test.SpinTest" time="0.131"/>
  <testcase name="testSpin" classname="com.skywind.qa.test.SpinTest" time="0.141"/>
  <testcase name="testSpin" classname="com.skywind.qa.test.SpinTest" time="0.153"/>
  <testcase name="testSpin" classname="com.skywind.qa.test.SpinTest" time="0.187"/>
  <testcase name="testSpin" classname="com.skywind.qa.test.SpinTest" time="0.152"/>
  <testcase name="testSpin" classname="com.skywind.qa.test.SpinTest" time="0.155">
    <failure message="1 expectation failed.&#10;JSON path result.totalWin doesn&apos;t match.&#10;Expected: &lt;2&gt;&#10;  Actual: 4&#10;" type="java.lang.AssertionError"><![CDATA[java.lang.AssertionError: 1 expectation failed.
JSON path result.totalWin doesn't match.
Expected: <2>
  Actual: 4

	at sun.reflect.GeneratedConstructorAccessor69.newInstance(Unknown Source)
	at sun.reflect.DelegatingConstructorAccessorImpl.newInstance(DelegatingConstructorAccessorImpl.java:45)
	at java.lang.reflect.Constructor.newInstance(Constructor.java:422)
	at org.codehaus.groovy.reflection.CachedConstructor.invoke(CachedConstructor.java:83)
	at org.codehaus.groovy.reflection.CachedConstructor.doConstructorInvoke(CachedConstructor.java:77)
	at org.codehaus.groovy.runtime.callsite.ConstructorSite$ConstructorSiteNoUnwrap.callConstructor(ConstructorSite.java:84)
	at org.codehaus.groovy.runtime.callsite.AbstractCallSite.callConstructor(AbstractCallSite.java:247)
	at io.restassured.internal.ResponseSpecificationImpl$HamcrestAssertionClosure.validate(ResponseSpecificationImpl.groovy:471)
	at io.restassured.internal.ResponseSpecificationImpl$HamcrestAssertionClosure$validate$1.call(Unknown Source)
	at io.restassured.internal.ResponseSpecificationImpl.validateResponseIfRequired(ResponseSpecificationImpl.groovy:643)
	at sun.reflect.GeneratedMethodAccessor75.invoke(Unknown Source)
	at sun.reflect.DelegatingMethodAccessorImpl.invoke(DelegatingMethodAccessorImpl.java:43)
	at java.lang.reflect.Method.invoke(Method.java:497)
	at org.codehaus.groovy.runtime.callsite.PogoMetaMethodSite$PogoCachedMethodSiteNoUnwrapNoCoerce.invoke(PogoMetaMethodSite.java:210)
	at org.codehaus.groovy.runtime.callsite.PogoMetaMethodSite.callCurrent(PogoMetaMethodSite.java:59)
	at org.codehaus.groovy.runtime.callsite.AbstractCallSite.callCurrent(AbstractCallSite.java:166)
	at io.restassured.internal.ResponseSpecificationImpl.content(ResponseSpecificationImpl.groovy:265)
	at io.restassured.specification.ResponseSpecification$content$1.callCurrent(Unknown Source)
	at io.restassured.internal.ResponseSpecificationImpl.body(ResponseSpecificationImpl.groovy:248)
	at io.restassured.internal.ValidatableResponseOptionsImpl.body(ValidatableResponseOptionsImpl.java:268)
	at com.skywind.qa.test.SpinTest.testSpin(SpinTest.java:82)
]]></failure>
    <system-out><![CDATA[Spin{description='10x2', combinations='4,30,12,20,3', totalWin=2}
eyJhbGciOiJIUzUxMiIsInR5cCI6IkpXVCJ9.eyJzZXNzaW9uSWQiOjY1ODk0OSwiaWQiOiJnYW1lczpjb250ZXh0OjE6dW5kZWZpbmVkOnN3X2drOndlYiIsImdhbWVNb2RlIjoiZnVuIiwiaWF0IjoxNTExMTk0NTIxLCJpc3MiOiJza3l3aW5kZ3JvdXAifQ.bVR9T2pD6mcnFRWT8WGcQPRQlUdeJWl3Z5kLEXn-TqQv4HL2k5uz0YOIcnBRx-dLRxx-vV6MMQDaRMKYyHyRNQ
Request method:	POST
Request URI:	http://api.cd2.d.skywind-tech.com:4001/casino/game2
Proxy:			<none>
Request params:	<none>
Query params:	<none>
Form params:	<none>
Path params:	<none>
Headers:		Accept=*/*
				Content-Type=application/json; charset=UTF-8
Cookies:		<none>
Multiparts:		<none>
Body:
{
    "bet": 1,
    "coin": 1,
    "gameSession": "eyJhbGciOiJIUzUxMiIsInR5cCI6IkpXVCJ9.eyJzZXNzaW9uSWQiOjY1ODk0OSwiaWQiOiJnYW1lczpjb250ZXh0OjE6dW5kZWZpbmVkOnN3X2drOndlYiIsImdhbWVNb2RlIjoiZnVuIiwiaWF0IjoxNTExMTk0NTIxLCJpc3MiOiJza3l3aW5kZ3JvdXAifQ.bVR9T2pD6mcnFRWT8WGcQPRQlUdeJWl3Z5kLEXn-TqQv4HL2k5uz0YOIcnBRx-dLRxx-vV6MMQDaRMKYyHyRNQ",
    "lines": 1,
    "request": "spin",
    "positions": [
        4,
        30,
        12,
        20,
        3
    ],
    "requestId": 55
}
HTTP/1.1 200 OK
X-Powered-By: Express
Vary: X-HTTP-Method-Override, Accept-Encoding
Access-Control-Allow-Credentials: true
Access-Control-Allow-Origin: *
Access-Control-Expose-Headers: x-paging-total,x-paging-limit,x-paging-offset
Access-Control-Allow-Methods: GET, POST, OPTIONS
Access-Control-Allow-Headers: DNT,X-ACCESS-TOKEN,Keep-Alive,User-Agent,X-Requested-With,If-Modified-Since,Cache-Control,Content-Type,Check-Sum,Cookie
Access-Control-Max-Age: 1728000
Content-Type: application/json; charset=utf-8
Content-Length: 926
ETag: W/"39e-qES33IeBVX9dSNE3JgWElme8EcY"
Date: Mon, 20 Nov 2017 16:15:31 GMT
Connection: keep-alive

{
    "gameSession": "eyJhbGciOiJIUzUxMiIsInR5cCI6IkpXVCJ9.eyJzZXNzaW9uSWQiOjY1ODk0OSwiaWQiOiJnYW1lczpjb250ZXh0OjE6dW5kZWZpbmVkOnN3X2drOndlYiIsImdhbWVNb2RlIjoiZnVuIiwiaWF0IjoxNTExMTk0NTIxLCJpc3MiOiJza3l3aW5kZ3JvdXAifQ.bVR9T2pD6mcnFRWT8WGcQPRQlUdeJWl3Z5kLEXn-TqQv4HL2k5uz0YOIcnBRx-dLRxx-vV6MMQDaRMKYyHyRNQ",
    "balance": {
        "currency": "USD",
        "amount": 20648,
        "real": {
            "amount": 20648
        },
        "bonus": {
            "amount": 0
        }
    },
    "result": {
        "request": "spin",
        "stake": {
            "lines": 1,
            "bet": 1,
            "coin": 1
        },
        "totalBet": 25,
        "totalWin": 4,
        "scene": "main",
        "multiplier": 1,
        "state": {
            "currentScene": "main",
            "multiplier": 1,
            "collapsingWin": 4,
            "collapsingCount": 1,
            "isReSpin": true
        },
        "reels": {
            "set": "main",
            "positions": [
                4,
                30,
                12,
                20,
                3
            ],
            "view": [
                [
                    7,
                    10,
                    8,
                    11,
                    9
                ],
                [
                    1,
                    8,
                    2,
                    2,
                    6
                ],
                [
                    10,
                    4,
                    12,
                    6,
                    1
                ]
            ]
        },
        "rewards": [
            {
                "reward": "line",
                "lineId": 20,
                "payout": 2,
                "paytable": [
                    8,
                    1
                ],
                "lineMultiplier": 1
            },
            {
                "reward": "line",
                "lineId": 24,
                "payout": 2,
                "paytable": [
                    8,
                    1
                ],
                "lineMultiplier": 1
            }
        ],
        "events": [
            
        ],
        "roundEnded": false,
        "version": "0.2.2"
    }
}
]]></system-out>
  </testcase>
  <testcase name="testSpin" classname="com.skywind.qa.test.SpinTest" time="0.193"/>
  <testcase name="testSpin" classname="com.skywind.qa.test.SpinTest" time="0.085"/>
  <testcase name="testSpin" classname="com.skywind.qa.test.SpinTest" time="0.142"/>
  <testcase name="testSpin" classname="com.skywind.qa.test.SpinTest" time="0.137"/>
  <testcase name="testSpin" classname="com.skywind.qa.test.SpinTest" time="0.202"/>
  <testcase name="testSpin" classname="com.skywind.qa.test.SpinTest" time="0.158"/>
  <testcase name="testSpin" classname="com.skywind.qa.test.SpinTest" time="0.145"/>
  <testcase name="testSpin" classname="com.skywind.qa.test.SpinTest" time="0.128"/>
  <testcase name="testSpin" classname="com.skywind.qa.test.SpinTest" time="0.139"/>
  <testcase name="testSpin" classname="com.skywind.qa.test.SpinTest" time="0.178"/>
  <testcase name="testSpin" classname="com.skywind.qa.test.SpinTest" time="0.191"/>
  <testcase name="testSpin" classname="com.skywind.qa.test.SpinTest" time="0.124"/>
  <testcase name="testSpin" classname="com.skywind.qa.test.SpinTest" time="0.138"/>
  <testcase name="testSpin" classname="com.skywind.qa.test.SpinTest" time="0.215"/>
  <testcase name="testSpin" classname="com.skywind.qa.test.SpinTest" time="0.111"/>
  <testcase name="testSpin" classname="com.skywind.qa.test.SpinTest" time="0.169"/>
  <testcase name="testSpin" classname="com.skywind.qa.test.SpinTest" time="0.132"/>
  <testcase name="testSpin" classname="com.skywind.qa.test.SpinTest" time="0.134"/>
  <testcase name="testSpin" classname="com.skywind.qa.test.SpinTest" time="0.196"/>
  <testcase name="testSpin" classname="com.skywind.qa.test.SpinTest" time="0.127"/>
  <testcase name="testSpin" classname="com.skywind.qa.test.SpinTest" time="0.169"/>
  <testcase name="testSpin" classname="com.skywind.qa.test.SpinTest" time="0.122"/>
  <testcase name="testSpin" classname="com.skywind.qa.test.SpinTest" time="0.265"/>
  <testcase name="testSpin" classname="com.skywind.qa.test.SpinTest" time="0.132"/>
</testsuite>